2025-04-13 22:18:27.622 [main] WARN  com.alibaba.nacos.client.logging.NacosLogging - Load Logback Configuration of Nacos fail, message: Could not initialize Logback Nacos logging from classpath:nacos-logback.xml
2025-04-13 22:18:27.715 [main] WARN  com.alibaba.nacos.client.logging.NacosLogging - Load Logback Configuration of Nacos fail, message: Could not initialize Logback Nacos logging from classpath:nacos-logback.xml
2025-04-13 22:18:28.134 [main] WARN  com.alibaba.nacos.client.logging.NacosLogging - Load Logback Configuration of Nacos fail, message: Could not initialize Logback Nacos logging from classpath:nacos-logback.xml
2025-04-13 22:18:28.136 [main] INFO  com.alibaba.nacos.client.utils.ParamUtil - [settings] [req-serv] nacos-server port:8848
2025-04-13 22:18:28.136 [main] INFO  com.alibaba.nacos.client.utils.ParamUtil - [settings] [http-client] connect timeout:1000
2025-04-13 22:18:28.138 [main] INFO  com.alibaba.nacos.client.utils.ParamUtil - PER_TASK_CONFIG_SIZE: 3000.0
2025-04-13 22:18:28.253 [main] INFO  c.a.n.p.auth.spi.client.ClientAuthPluginManager - [ClientAuthPluginManager] Load ClientAuthService com.alibaba.nacos.client.auth.impl.NacosClientAuthServiceImpl success.
2025-04-13 22:18:28.253 [main] INFO  c.a.n.p.auth.spi.client.ClientAuthPluginManager - [ClientAuthPluginManager] Load ClientAuthService com.alibaba.nacos.client.auth.ram.RamClientAuthServiceImpl success.
2025-04-13 22:18:28.257 [main] INFO  c.a.n.client.auth.ram.identify.CredentialWatcher - null No credential found
2025-04-13 22:18:28.682 [main] WARN  com.alibaba.nacos.client.logging.NacosLogging - Load Logback Configuration of Nacos fail, message: Could not initialize Logback Nacos logging from classpath:nacos-logback.xml
2025-04-13 22:18:28.699 [main] INFO  c.a.n.client.config.impl.LocalConfigInfoProcessor - LOCAL_SNAPSHOT_PATH:C:\Users\58214\nacos\config
2025-04-13 22:18:28.703 [main] INFO  com.alibaba.nacos.common.remote.client - [RpcClientFactory] create a new rpc client of 3007ecae-eb5c-4ac1-a31a-fb4685524bc0_config-0
2025-04-13 22:18:28.728 [main] INFO  com.alibaba.nacos.common.remote.client - [3007ecae-eb5c-4ac1-a31a-fb4685524bc0_config-0] Register server push request handler:com.alibaba.nacos.client.config.impl.ClientWorker$ConfigRpcTransportClient$$Lambda$893/0x0000000800fec800
2025-04-13 22:18:28.733 [main] INFO  com.alibaba.nacos.common.remote.client - [3007ecae-eb5c-4ac1-a31a-fb4685524bc0_config-0] Register server push request handler:com.alibaba.nacos.client.config.impl.ClientWorker$ConfigRpcTransportClient$$Lambda$894/0x0000000800fecc20
2025-04-13 22:18:28.734 [main] INFO  com.alibaba.nacos.common.remote.client - [3007ecae-eb5c-4ac1-a31a-fb4685524bc0_config-0] Registry connection listener to current client:com.alibaba.nacos.client.config.impl.ClientWorker$ConfigRpcTransportClient$1
2025-04-13 22:18:28.734 [main] INFO  com.alibaba.nacos.common.remote.client - [3007ecae-eb5c-4ac1-a31a-fb4685524bc0_config-0] RpcClient init, ServerListFactory = com.alibaba.nacos.client.config.impl.ClientWorker$ConfigRpcTransportClient$2
2025-04-13 22:18:28.743 [main] INFO  com.alibaba.nacos.common.remote.client - [3007ecae-eb5c-4ac1-a31a-fb4685524bc0_config-0] Try to connect to server on start up, server: {serverIp = '127.0.0.1', server main port = 8848}
2025-04-13 22:18:28.788 [main] INFO  c.a.nacos.common.remote.client.grpc.GrpcClient - grpc client connection server:127.0.0.1 ip,serverPort:9848,grpcTslConfig:{"sslProvider":"OPENSSL","enableTls":false,"mutualAuthEnable":false,"trustAll":false}
2025-04-13 22:18:29.730 [main] INFO  com.alibaba.nacos.common.remote.client - [3007ecae-eb5c-4ac1-a31a-fb4685524bc0_config-0] Success to connect to server [127.0.0.1:8848] on start up, connectionId = 1744553909509_127.0.0.1_60181
2025-04-13 22:18:29.732 [com.alibaba.nacos.client.remote.worker] INFO  com.alibaba.nacos.common.remote.client - [3007ecae-eb5c-4ac1-a31a-fb4685524bc0_config-0] Notify connected event to listeners.
2025-04-13 22:18:29.733 [main] INFO  com.alibaba.nacos.common.remote.client - [3007ecae-eb5c-4ac1-a31a-fb4685524bc0_config-0] Register server push request handler:com.alibaba.nacos.common.remote.client.RpcClient$ConnectResetRequestHandler
2025-04-13 22:18:29.733 [com.alibaba.nacos.client.remote.worker] INFO  com.alibaba.nacos.client.config.impl.ClientWorker - [3007ecae-eb5c-4ac1-a31a-fb4685524bc0_config-0] Connected,notify listen context...
2025-04-13 22:18:29.734 [main] INFO  com.alibaba.nacos.common.remote.client - [3007ecae-eb5c-4ac1-a31a-fb4685524bc0_config-0] Register server push request handler:com.alibaba.nacos.common.remote.client.RpcClient$$Lambda$910/0x0000000801132a38
2025-04-13 22:18:29.846 [main] INFO  com.alibaba.nacos.client.config.impl.Limiter - limitTime:5.0
2025-04-13 22:18:29.918 [main] INFO  com.alibaba.nacos.client.config.utils.JvmUtil - isMultiInstance:false
2025-04-13 22:18:29.932 [main] WARN  c.a.cloud.nacos.client.NacosPropertySourceBuilder - Ignore the empty nacos configuration and get it based on dataId[xiaohashu-auth.yaml] & group[DEFAULT_GROUP]
2025-04-13 22:18:29.940 [main] INFO  o.s.c.b.c.PropertySourceBootstrapConfiguration - Located property source: [BootstrapPropertySource {name='bootstrapProperties-xiaohashu-auth-dev.yaml,DEFAULT_GROUP'}, BootstrapPropertySource {name='bootstrapProperties-xiaohashu-auth.yaml,DEFAULT_GROUP'}, BootstrapPropertySource {name='bootstrapProperties-xiaohashu-auth,DEFAULT_GROUP'}]
2025-04-13 22:18:29.987 [main] WARN  com.alibaba.nacos.client.logging.NacosLogging - Load Logback Configuration of Nacos fail, message: Could not initialize Logback Nacos logging from classpath:nacos-logback.xml
2025-04-13 22:18:29.989 [main] INFO  com.quanxiaoha.xiaohashu.auth.DruidTests - The following 1 profile is active: "dev"
2025-04-13 22:18:31.082 [main] INFO  o.s.d.r.config.RepositoryConfigurationDelegate - Multiple Spring Data modules found, entering strict repository configuration mode
2025-04-13 22:18:31.085 [main] INFO  o.s.d.r.config.RepositoryConfigurationDelegate - Bootstrapping Spring Data Redis repositories in DEFAULT mode.
2025-04-13 22:18:31.112 [main] INFO  o.s.d.r.config.RepositoryConfigurationDelegate - Finished Spring Data repository scanning in 11 ms. Found 0 Redis repository interfaces.
2025-04-13 22:18:31.410 [main] INFO  o.springframework.cloud.context.scope.GenericScope - BeanFactory id=fb5225c3-91ba-3234-b5f6-660e266e33cc
2025-04-13 22:18:31.852 [main] INFO  c.a.d.s.b.a.DruidDataSourceAutoConfigure - Init DruidDataSource
2025-04-13 22:18:32.405 [main] INFO  com.alibaba.druid.pool.DruidDataSource - {dataSource-1} inited
2025-04-13 22:18:34.576 [main] INFO  com.quanxiaoha.xiaohashu.auth.DruidTests - Started DruidTests in 7.714 seconds (process running for 9.754)
2025-04-13 22:18:34.577 [main] INFO  c.q.x.auth.runner.PushRolePermissions2RedisRunner - ==> 服务启动，开始同步角色权限数据到 Redis 中...
2025-04-13 22:18:35.142 [main] WARN  c.q.x.auth.runner.PushRolePermissions2RedisRunner - ==> 角色权限数据已经同步至 Redis 中，不再同步...
2025-04-13 22:18:35.147 [main] INFO  com.alibaba.nacos.client.config.impl.CacheData - nacos.cache.data.init.snapshot = true 
2025-04-13 22:18:35.148 [main] INFO  com.alibaba.nacos.client.config.impl.ClientWorker - [fixed-xiaohashu-127.0.0.1_8848] [subscribe] xiaohashu-auth.yaml+DEFAULT_GROUP+xiaohashu
2025-04-13 22:18:35.159 [main] INFO  com.alibaba.nacos.client.config.impl.CacheData - [fixed-xiaohashu-127.0.0.1_8848] [add-listener] ok, tenant=xiaohashu, dataId=xiaohashu-auth.yaml, group=DEFAULT_GROUP, cnt=1
2025-04-13 22:18:35.159 [main] INFO  c.a.cloud.nacos.refresh.NacosContextRefresher - [Nacos Config] Listening config: dataId=xiaohashu-auth.yaml, group=DEFAULT_GROUP
2025-04-13 22:18:35.169 [main] INFO  com.alibaba.nacos.client.config.impl.ClientWorker - [fixed-xiaohashu-127.0.0.1_8848] [subscribe] xiaohashu-auth-dev.yaml+DEFAULT_GROUP+xiaohashu
2025-04-13 22:18:35.170 [main] INFO  com.alibaba.nacos.client.config.impl.CacheData - [fixed-xiaohashu-127.0.0.1_8848] [add-listener] ok, tenant=xiaohashu, dataId=xiaohashu-auth-dev.yaml, group=DEFAULT_GROUP, cnt=1
2025-04-13 22:18:35.170 [main] INFO  c.a.cloud.nacos.refresh.NacosContextRefresher - [Nacos Config] Listening config: dataId=xiaohashu-auth-dev.yaml, group=DEFAULT_GROUP
2025-04-13 22:18:35.172 [main] INFO  com.alibaba.nacos.client.config.impl.ClientWorker - [fixed-xiaohashu-127.0.0.1_8848] [subscribe] xiaohashu-auth+DEFAULT_GROUP+xiaohashu
2025-04-13 22:18:35.172 [main] INFO  com.alibaba.nacos.client.config.impl.CacheData - [fixed-xiaohashu-127.0.0.1_8848] [add-listener] ok, tenant=xiaohashu, dataId=xiaohashu-auth, group=DEFAULT_GROUP, cnt=1
2025-04-13 22:18:35.172 [main] INFO  c.a.cloud.nacos.refresh.NacosContextRefresher - [Nacos Config] Listening config: dataId=xiaohashu-auth, group=DEFAULT_GROUP
2025-04-13 22:18:35.951 [main] INFO  com.quanxiaoha.xiaohashu.auth.DruidTests - privateKey: MIIBVQIBADANBgkqhkiG9w0BAQEFAASCAT8wggE7AgEAAkEAogVUIvUfZEZctVPs2kmJxYTBxWDJiZTX4/muH6s9HA/7gkvQIEXOt2t67VgYh/lV9dmotfcw1JaSOjCyFjqZnwIDAQABAkAS0dSilN93Gdc19tAp0OXwbAnIAASY9xGWuQ9ZPV5FToRrvD7JOEq9FvRMnSveuVZtFMN1S6eJVtGkNeQhi87FAiEA4DW9NMf8lqPNZjARNgZAUXOL3AzR33poeGjg/wgqSBMCIQC4/ke7snFFwDHMuIT22xFWwE8o/KR9uc8IWK7xGjSxxQIgeDtZIxy7Tuy4ELxl/lqL0yHrNi2JvhWeQDO9tAVk5xECIQCvSeqItO3WDOZjOJhtHGkSjYi0qqfmpfDB1N53gMBbjQIhANHPEzTdUQgHJkKot+gUkjm9UCgU7cvsPR52MmpzolH5
2025-04-13 22:18:35.951 [main] INFO  com.quanxiaoha.xiaohashu.auth.DruidTests - publicKey: MFwwDQYJKoZIhvcNAQEBBQADSwAwSAJBAKIFVCL1H2RGXLVT7NpJicWEwcVgyYmU1+P5rh+rPRwP+4JL0CBFzrdreu1YGIf5VfXZqLX3MNSWkjowshY6mZ8CAwEAAQ==
2025-04-13 22:18:35.953 [main] INFO  com.quanxiaoha.xiaohashu.auth.DruidTests - password: ZRV+/rYtQwThKBZtw+gN0vH6WmpeZrMuy0VnmsWCKwiiUw9bA2GupEuBqLejxQeBUpKtaBOSbPAVI+Cn4joDdA==
2025-04-13 22:18:35.977 [main] INFO  o.s.t.c.support.AnnotationConfigContextLoaderUtils - Could not detect default configuration classes for test class [com.quanxiaoha.xiaohashu.auth.RedisTests]: RedisTests does not declare any static, non-private, non-final, nested classes annotated with @Configuration.
2025-04-13 22:18:35.978 [main] INFO  o.s.b.t.context.SpringBootTestContextBootstrapper - Found @SpringBootConfiguration com.quanxiaoha.xiaohashu.auth.XiaohashuAuthApplication for test class com.quanxiaoha.xiaohashu.auth.RedisTests
2025-04-13 22:18:36.003 [main] INFO  o.s.t.c.support.AnnotationConfigContextLoaderUtils - Could not detect default configuration classes for test class [com.quanxiaoha.xiaohashu.auth.ThreadPoolTaskExecutorTests]: ThreadPoolTaskExecutorTests does not declare any static, non-private, non-final, nested classes annotated with @Configuration.
2025-04-13 22:18:36.005 [main] INFO  o.s.b.t.context.SpringBootTestContextBootstrapper - Found @SpringBootConfiguration com.quanxiaoha.xiaohashu.auth.XiaohashuAuthApplication for test class com.quanxiaoha.xiaohashu.auth.ThreadPoolTaskExecutorTests
2025-04-13 22:18:36.019 [AuthExecutor-1] INFO  c.q.xiaohashu.auth.ThreadPoolTaskExecutorTests - 异步线程中说: 犬小哈专栏
2025-04-13 22:18:36.092 [Thread-3] WARN  c.alibaba.nacos.common.http.HttpClientBeanHolder - [HttpClientBeanHolder] Start destroying common HttpClient
2025-04-13 22:18:36.092 [Thread-10] WARN  com.alibaba.nacos.common.notify.NotifyCenter - [NotifyCenter] Start destroying Publisher
2025-04-13 22:18:36.093 [Thread-10] WARN  com.alibaba.nacos.common.notify.NotifyCenter - [NotifyCenter] Destruction of the end
2025-04-13 22:18:36.093 [Thread-3] WARN  c.alibaba.nacos.common.http.HttpClientBeanHolder - [HttpClientBeanHolder] Destruction of the end
2025-04-13 22:18:36.217 [SpringApplicationShutdownHook] INFO  com.alibaba.druid.pool.DruidDataSource - {dataSource-1} closing ...
2025-04-13 22:18:36.224 [SpringApplicationShutdownHook] INFO  com.alibaba.druid.pool.DruidDataSource - {dataSource-1} closed
2025-04-13 22:19:51.194 [main] WARN  com.alibaba.nacos.client.logging.NacosLogging - Load Logback Configuration of Nacos fail, message: Could not initialize Logback Nacos logging from classpath:nacos-logback.xml
2025-04-13 22:19:51.277 [main] WARN  com.alibaba.nacos.client.logging.NacosLogging - Load Logback Configuration of Nacos fail, message: Could not initialize Logback Nacos logging from classpath:nacos-logback.xml
2025-04-13 22:19:51.540 [main] WARN  com.alibaba.nacos.client.logging.NacosLogging - Load Logback Configuration of Nacos fail, message: Could not initialize Logback Nacos logging from classpath:nacos-logback.xml
2025-04-13 22:19:51.542 [main] INFO  com.alibaba.nacos.client.utils.ParamUtil - [settings] [req-serv] nacos-server port:8848
2025-04-13 22:19:51.542 [main] INFO  com.alibaba.nacos.client.utils.ParamUtil - [settings] [http-client] connect timeout:1000
2025-04-13 22:19:51.544 [main] INFO  com.alibaba.nacos.client.utils.ParamUtil - PER_TASK_CONFIG_SIZE: 3000.0
2025-04-13 22:19:51.645 [main] INFO  c.a.n.p.auth.spi.client.ClientAuthPluginManager - [ClientAuthPluginManager] Load ClientAuthService com.alibaba.nacos.client.auth.impl.NacosClientAuthServiceImpl success.
2025-04-13 22:19:51.645 [main] INFO  c.a.n.p.auth.spi.client.ClientAuthPluginManager - [ClientAuthPluginManager] Load ClientAuthService com.alibaba.nacos.client.auth.ram.RamClientAuthServiceImpl success.
2025-04-13 22:19:51.649 [main] INFO  c.a.n.client.auth.ram.identify.CredentialWatcher - null No credential found
2025-04-13 22:19:51.978 [main] WARN  com.alibaba.nacos.client.logging.NacosLogging - Load Logback Configuration of Nacos fail, message: Could not initialize Logback Nacos logging from classpath:nacos-logback.xml
2025-04-13 22:19:51.993 [main] INFO  c.a.n.client.config.impl.LocalConfigInfoProcessor - LOCAL_SNAPSHOT_PATH:C:\Users\58214\nacos\config
2025-04-13 22:19:51.997 [main] INFO  com.alibaba.nacos.common.remote.client - [RpcClientFactory] create a new rpc client of 81059bb5-c0bb-4559-aee8-c01125d39894_config-0
2025-04-13 22:19:52.030 [main] INFO  com.alibaba.nacos.common.remote.client - [81059bb5-c0bb-4559-aee8-c01125d39894_config-0] Register server push request handler:com.alibaba.nacos.client.config.impl.ClientWorker$ConfigRpcTransportClient$$Lambda$893/0x0000000800fec398
2025-04-13 22:19:52.035 [main] INFO  com.alibaba.nacos.common.remote.client - [81059bb5-c0bb-4559-aee8-c01125d39894_config-0] Register server push request handler:com.alibaba.nacos.client.config.impl.ClientWorker$ConfigRpcTransportClient$$Lambda$894/0x0000000800fec7b8
2025-04-13 22:19:52.036 [main] INFO  com.alibaba.nacos.common.remote.client - [81059bb5-c0bb-4559-aee8-c01125d39894_config-0] Registry connection listener to current client:com.alibaba.nacos.client.config.impl.ClientWorker$ConfigRpcTransportClient$1
2025-04-13 22:19:52.037 [main] INFO  com.alibaba.nacos.common.remote.client - [81059bb5-c0bb-4559-aee8-c01125d39894_config-0] RpcClient init, ServerListFactory = com.alibaba.nacos.client.config.impl.ClientWorker$ConfigRpcTransportClient$2
2025-04-13 22:19:52.047 [main] INFO  com.alibaba.nacos.common.remote.client - [81059bb5-c0bb-4559-aee8-c01125d39894_config-0] Try to connect to server on start up, server: {serverIp = '127.0.0.1', server main port = 8848}
2025-04-13 22:19:52.083 [main] INFO  c.a.nacos.common.remote.client.grpc.GrpcClient - grpc client connection server:127.0.0.1 ip,serverPort:9848,grpcTslConfig:{"sslProvider":"OPENSSL","enableTls":false,"mutualAuthEnable":false,"trustAll":false}
2025-04-13 22:19:52.951 [main] INFO  com.alibaba.nacos.common.remote.client - [81059bb5-c0bb-4559-aee8-c01125d39894_config-0] Success to connect to server [127.0.0.1:8848] on start up, connectionId = 1744553992757_127.0.0.1_60210
2025-04-13 22:19:52.951 [com.alibaba.nacos.client.remote.worker] INFO  com.alibaba.nacos.common.remote.client - [81059bb5-c0bb-4559-aee8-c01125d39894_config-0] Notify connected event to listeners.
2025-04-13 22:19:52.951 [main] INFO  com.alibaba.nacos.common.remote.client - [81059bb5-c0bb-4559-aee8-c01125d39894_config-0] Register server push request handler:com.alibaba.nacos.common.remote.client.RpcClient$ConnectResetRequestHandler
2025-04-13 22:19:52.951 [com.alibaba.nacos.client.remote.worker] INFO  com.alibaba.nacos.client.config.impl.ClientWorker - [81059bb5-c0bb-4559-aee8-c01125d39894_config-0] Connected,notify listen context...
2025-04-13 22:19:52.952 [main] INFO  com.alibaba.nacos.common.remote.client - [81059bb5-c0bb-4559-aee8-c01125d39894_config-0] Register server push request handler:com.alibaba.nacos.common.remote.client.RpcClient$$Lambda$910/0x00000008011322d8
2025-04-13 22:19:53.000 [main] INFO  com.alibaba.nacos.client.config.impl.Limiter - limitTime:5.0
2025-04-13 22:19:53.018 [main] INFO  com.alibaba.nacos.client.config.utils.JvmUtil - isMultiInstance:false
2025-04-13 22:19:53.033 [main] WARN  c.a.cloud.nacos.client.NacosPropertySourceBuilder - Ignore the empty nacos configuration and get it based on dataId[xiaohashu-auth.yaml] & group[DEFAULT_GROUP]
2025-04-13 22:19:53.043 [main] INFO  o.s.c.b.c.PropertySourceBootstrapConfiguration - Located property source: [BootstrapPropertySource {name='bootstrapProperties-xiaohashu-auth-dev.yaml,DEFAULT_GROUP'}, BootstrapPropertySource {name='bootstrapProperties-xiaohashu-auth.yaml,DEFAULT_GROUP'}, BootstrapPropertySource {name='bootstrapProperties-xiaohashu-auth,DEFAULT_GROUP'}]
2025-04-13 22:19:53.083 [main] WARN  com.alibaba.nacos.client.logging.NacosLogging - Load Logback Configuration of Nacos fail, message: Could not initialize Logback Nacos logging from classpath:nacos-logback.xml
2025-04-13 22:19:53.084 [main] INFO  com.quanxiaoha.xiaohashu.auth.DruidTests - The following 1 profile is active: "dev"
2025-04-13 22:19:53.782 [main] INFO  o.s.d.r.config.RepositoryConfigurationDelegate - Multiple Spring Data modules found, entering strict repository configuration mode
2025-04-13 22:19:53.785 [main] INFO  o.s.d.r.config.RepositoryConfigurationDelegate - Bootstrapping Spring Data Redis repositories in DEFAULT mode.
2025-04-13 22:19:53.813 [main] INFO  o.s.d.r.config.RepositoryConfigurationDelegate - Finished Spring Data repository scanning in 11 ms. Found 0 Redis repository interfaces.
2025-04-13 22:19:54.100 [main] INFO  o.springframework.cloud.context.scope.GenericScope - BeanFactory id=fb5225c3-91ba-3234-b5f6-660e266e33cc
2025-04-13 22:19:54.464 [main] INFO  c.a.d.s.b.a.DruidDataSourceAutoConfigure - Init DruidDataSource
2025-04-13 22:19:54.961 [main] INFO  com.alibaba.druid.pool.DruidDataSource - {dataSource-1} inited
2025-04-13 22:19:56.920 [main] INFO  com.quanxiaoha.xiaohashu.auth.DruidTests - Started DruidTests in 6.476 seconds (process running for 8.3)
2025-04-13 22:19:56.922 [main] INFO  c.q.x.auth.runner.PushRolePermissions2RedisRunner - ==> 服务启动，开始同步角色权限数据到 Redis 中...
2025-04-13 22:19:57.436 [main] WARN  c.q.x.auth.runner.PushRolePermissions2RedisRunner - ==> 角色权限数据已经同步至 Redis 中，不再同步...
2025-04-13 22:19:57.439 [main] INFO  com.alibaba.nacos.client.config.impl.CacheData - nacos.cache.data.init.snapshot = true 
2025-04-13 22:19:57.440 [main] INFO  com.alibaba.nacos.client.config.impl.ClientWorker - [fixed-xiaohashu-127.0.0.1_8848] [subscribe] xiaohashu-auth.yaml+DEFAULT_GROUP+xiaohashu
2025-04-13 22:19:57.449 [main] INFO  com.alibaba.nacos.client.config.impl.CacheData - [fixed-xiaohashu-127.0.0.1_8848] [add-listener] ok, tenant=xiaohashu, dataId=xiaohashu-auth.yaml, group=DEFAULT_GROUP, cnt=1
2025-04-13 22:19:57.449 [main] INFO  c.a.cloud.nacos.refresh.NacosContextRefresher - [Nacos Config] Listening config: dataId=xiaohashu-auth.yaml, group=DEFAULT_GROUP
2025-04-13 22:19:57.452 [main] INFO  com.alibaba.nacos.client.config.impl.ClientWorker - [fixed-xiaohashu-127.0.0.1_8848] [subscribe] xiaohashu-auth-dev.yaml+DEFAULT_GROUP+xiaohashu
2025-04-13 22:19:57.452 [main] INFO  com.alibaba.nacos.client.config.impl.CacheData - [fixed-xiaohashu-127.0.0.1_8848] [add-listener] ok, tenant=xiaohashu, dataId=xiaohashu-auth-dev.yaml, group=DEFAULT_GROUP, cnt=1
2025-04-13 22:19:57.452 [main] INFO  c.a.cloud.nacos.refresh.NacosContextRefresher - [Nacos Config] Listening config: dataId=xiaohashu-auth-dev.yaml, group=DEFAULT_GROUP
2025-04-13 22:19:57.454 [main] INFO  com.alibaba.nacos.client.config.impl.ClientWorker - [fixed-xiaohashu-127.0.0.1_8848] [subscribe] xiaohashu-auth+DEFAULT_GROUP+xiaohashu
2025-04-13 22:19:57.455 [main] INFO  com.alibaba.nacos.client.config.impl.CacheData - [fixed-xiaohashu-127.0.0.1_8848] [add-listener] ok, tenant=xiaohashu, dataId=xiaohashu-auth, group=DEFAULT_GROUP, cnt=1
2025-04-13 22:19:57.455 [main] INFO  c.a.cloud.nacos.refresh.NacosContextRefresher - [Nacos Config] Listening config: dataId=xiaohashu-auth, group=DEFAULT_GROUP
2025-04-13 22:19:58.048 [main] INFO  com.quanxiaoha.xiaohashu.auth.DruidTests - privateKey: MIIBVAIBADANBgkqhkiG9w0BAQEFAASCAT4wggE6AgEAAkEAu8Ko0etWIAUKBLXPUuqb7cR1aa5c39SnrLAJnHSYMxDMg3no0fUPW7jzcmtEN+xyd+Ca/QUGNnUWDteT9Ojx8wIDAQABAkAWnPIiHhrITnMPcCohDVpsP234pWRQHNd459awfiZad+WPGczoHTLM7GlipRVqZzJAl+PlN4fwkYntyEPOdE0hAiEAzb/8fGJll0w3q4X5HOtUCIlvO6/pkQ8DwiyeqW96nQMCIQDpneuA78zecztolSa+MqkxeJLkmcRV2it7R8Qq8aBsUQIgZNoCbQXePjdB4nWdEivX2Qdk2qDzoAL4GKm+a9cVBvkCIQDcEU9P3pV218YW9qnQcZjAaXy2q8MvvJ1JPImmioc8gQIgFrkYuzoAxE7YIG7BLP3Zs6Ng4PVGWPvYUJr6Two4nOA=
2025-04-13 22:19:58.048 [main] INFO  com.quanxiaoha.xiaohashu.auth.DruidTests - publicKey: MFwwDQYJKoZIhvcNAQEBBQADSwAwSAJBALvCqNHrViAFCgS1z1Lqm+3EdWmuXN/Up6ywCZx0mDMQzIN56NH1D1u483JrRDfscnfgmv0FBjZ1Fg7Xk/To8fMCAwEAAQ==
2025-04-13 22:19:58.051 [main] INFO  com.quanxiaoha.xiaohashu.auth.DruidTests - password: EjpEFbvgnwv3wT1f+SmcH/GAQds6CvCvY+eEibSN4OygsaNbqeAq90npIkdYOWJZZ1idO9Ykc1eftc2BxUJ2hw==
2025-04-13 22:19:58.074 [main] INFO  o.s.t.c.support.AnnotationConfigContextLoaderUtils - Could not detect default configuration classes for test class [com.quanxiaoha.xiaohashu.auth.RedisTests]: RedisTests does not declare any static, non-private, non-final, nested classes annotated with @Configuration.
2025-04-13 22:19:58.076 [main] INFO  o.s.b.t.context.SpringBootTestContextBootstrapper - Found @SpringBootConfiguration com.quanxiaoha.xiaohashu.auth.XiaohashuAuthApplication for test class com.quanxiaoha.xiaohashu.auth.RedisTests
2025-04-13 22:19:58.110 [main] INFO  o.s.t.c.support.AnnotationConfigContextLoaderUtils - Could not detect default configuration classes for test class [com.quanxiaoha.xiaohashu.auth.ThreadPoolTaskExecutorTests]: ThreadPoolTaskExecutorTests does not declare any static, non-private, non-final, nested classes annotated with @Configuration.
2025-04-13 22:19:58.113 [main] INFO  o.s.b.t.context.SpringBootTestContextBootstrapper - Found @SpringBootConfiguration com.quanxiaoha.xiaohashu.auth.XiaohashuAuthApplication for test class com.quanxiaoha.xiaohashu.auth.ThreadPoolTaskExecutorTests
2025-04-13 22:19:58.123 [AuthExecutor-1] INFO  c.q.xiaohashu.auth.ThreadPoolTaskExecutorTests - 异步线程中说: 犬小哈专栏
2025-04-13 22:19:58.185 [Thread-10] WARN  com.alibaba.nacos.common.notify.NotifyCenter - [NotifyCenter] Start destroying Publisher
2025-04-13 22:19:58.185 [Thread-3] WARN  c.alibaba.nacos.common.http.HttpClientBeanHolder - [HttpClientBeanHolder] Start destroying common HttpClient
2025-04-13 22:19:58.185 [Thread-10] WARN  com.alibaba.nacos.common.notify.NotifyCenter - [NotifyCenter] Destruction of the end
2025-04-13 22:19:58.186 [Thread-3] WARN  c.alibaba.nacos.common.http.HttpClientBeanHolder - [HttpClientBeanHolder] Destruction of the end
2025-04-13 22:19:58.311 [SpringApplicationShutdownHook] INFO  com.alibaba.druid.pool.DruidDataSource - {dataSource-1} closing ...
2025-04-13 22:19:58.318 [SpringApplicationShutdownHook] INFO  com.alibaba.druid.pool.DruidDataSource - {dataSource-1} closed
