2025-04-14 06:54:06.259 [main] WARN  com.alibaba.nacos.client.logging.NacosLogging - Load Logback Configuration of Nacos fail, message: Could not initialize Logback Nacos logging from classpath:nacos-logback.xml
2025-04-14 06:54:06.365 [main] WARN  com.alibaba.nacos.client.logging.NacosLogging - Load Logback Configuration of Nacos fail, message: Could not initialize Logback Nacos logging from classpath:nacos-logback.xml
2025-04-14 06:54:07.249 [main] WARN  com.alibaba.nacos.client.logging.NacosLogging - Load Logback Configuration of Nacos fail, message: Could not initialize Logback Nacos logging from classpath:nacos-logback.xml
2025-04-14 06:54:07.269 [main] WARN  com.alibaba.nacos.client.logging.NacosLogging - Load Logback Configuration of Nacos fail, message: Could not initialize Logback Nacos logging from classpath:nacos-logback.xml
2025-04-14 06:54:07.270 [main] INFO  c.q.xiaohashu.oss.biz.XiaohashuOssBizApplication - The following 1 profile is active: "dev"
2025-04-14 06:54:08.358 [main] INFO  o.springframework.cloud.context.scope.GenericScope - BeanFactory id=3e794a2b-1f48-331b-8aa2-d3fd24ec81b1
2025-04-14 06:54:08.973 [main] INFO  o.s.boot.web.embedded.tomcat.TomcatWebServer - Tomcat initialized with port(s): 8081 (http)
2025-04-14 06:54:08.988 [main] INFO  org.apache.catalina.core.StandardService - Starting service [Tomcat]
2025-04-14 06:54:08.989 [main] INFO  org.apache.catalina.core.StandardEngine - Starting Servlet engine: [Apache Tomcat/10.1.5]
2025-04-14 06:54:09.265 [main] INFO  o.a.c.core.ContainerBase.[Tomcat].[localhost].[/] - Initializing Spring embedded WebApplicationContext
2025-04-14 06:54:09.265 [main] INFO  o.s.b.w.s.c.ServletWebServerApplicationContext - Root WebApplicationContext: initialization completed in 1979 ms
2025-04-14 06:54:11.607 [main] INFO  o.s.boot.web.embedded.tomcat.TomcatWebServer - Tomcat started on port(s): 8081 (http) with context path ''
2025-04-14 06:54:11.618 [main] WARN  com.alibaba.nacos.client.logging.NacosLogging - Load Logback Configuration of Nacos fail, message: Could not initialize Logback Nacos logging from classpath:nacos-logback.xml
2025-04-14 06:54:11.619 [main] INFO  com.alibaba.nacos.client.naming - initializer namespace from ans.namespace attribute : null
2025-04-14 06:54:11.620 [main] INFO  com.alibaba.nacos.client.naming - initializer namespace from ALIBABA_ALIWARE_NAMESPACE attribute :null
2025-04-14 06:54:11.621 [main] INFO  com.alibaba.nacos.client.naming - initializer namespace from namespace attribute :null
2025-04-14 06:54:11.672 [main] INFO  com.alibaba.nacos.client.utils.ParamUtil - [settings] [req-serv] nacos-server port:8848
2025-04-14 06:54:11.672 [main] INFO  com.alibaba.nacos.client.utils.ParamUtil - [settings] [http-client] connect timeout:1000
2025-04-14 06:54:11.674 [main] INFO  com.alibaba.nacos.client.utils.ParamUtil - PER_TASK_CONFIG_SIZE: 3000.0
2025-04-14 06:54:11.683 [main] INFO  c.a.n.p.auth.spi.client.ClientAuthPluginManager - [ClientAuthPluginManager] Load ClientAuthService com.alibaba.nacos.client.auth.impl.NacosClientAuthServiceImpl success.
2025-04-14 06:54:11.684 [main] INFO  c.a.n.p.auth.spi.client.ClientAuthPluginManager - [ClientAuthPluginManager] Load ClientAuthService com.alibaba.nacos.client.auth.ram.RamClientAuthServiceImpl success.
2025-04-14 06:54:11.688 [main] INFO  c.a.n.client.auth.ram.identify.CredentialWatcher - null No credential found
2025-04-14 06:54:11.707 [main] INFO  com.alibaba.nacos.common.remote.client - [RpcClientFactory] create a new rpc client of ad87dd31-cbbb-412e-b275-6f2ca4cead44
2025-04-14 06:54:11.741 [main] INFO  com.alibaba.nacos.common.remote.client - [ad87dd31-cbbb-412e-b275-6f2ca4cead44] RpcClient init, ServerListFactory = com.alibaba.nacos.client.naming.core.ServerListManager
2025-04-14 06:54:11.742 [main] INFO  com.alibaba.nacos.common.remote.client - [ad87dd31-cbbb-412e-b275-6f2ca4cead44] Registry connection listener to current client:com.alibaba.nacos.client.naming.remote.gprc.redo.NamingGrpcRedoService
2025-04-14 06:54:11.742 [main] INFO  com.alibaba.nacos.common.remote.client - [ad87dd31-cbbb-412e-b275-6f2ca4cead44] Register server push request handler:com.alibaba.nacos.client.naming.remote.gprc.NamingPushRequestHandler
2025-04-14 06:54:11.746 [main] INFO  com.alibaba.nacos.common.remote.client - [ad87dd31-cbbb-412e-b275-6f2ca4cead44] Try to connect to server on start up, server: {serverIp = '127.0.0.1', server main port = 8848}
2025-04-14 06:54:11.810 [main] INFO  c.a.nacos.common.remote.client.grpc.GrpcClient - grpc client connection server:127.0.0.1 ip,serverPort:9848,grpcTslConfig:{"sslProvider":"OPENSSL","enableTls":false,"mutualAuthEnable":false,"trustAll":false}
2025-04-14 06:54:13.267 [main] INFO  com.alibaba.nacos.common.remote.client - [ad87dd31-cbbb-412e-b275-6f2ca4cead44] Success to connect to server [127.0.0.1:8848] on start up, connectionId = 1744584852992_127.0.0.1_52751
2025-04-14 06:54:13.268 [com.alibaba.nacos.client.remote.worker] INFO  com.alibaba.nacos.common.remote.client - [ad87dd31-cbbb-412e-b275-6f2ca4cead44] Notify connected event to listeners.
2025-04-14 06:54:13.268 [com.alibaba.nacos.client.remote.worker] INFO  com.alibaba.nacos.client.naming - Grpc connection connect
2025-04-14 06:54:13.268 [main] INFO  com.alibaba.nacos.common.remote.client - [ad87dd31-cbbb-412e-b275-6f2ca4cead44] Register server push request handler:com.alibaba.nacos.common.remote.client.RpcClient$ConnectResetRequestHandler
2025-04-14 06:54:13.269 [main] INFO  com.alibaba.nacos.common.remote.client - [ad87dd31-cbbb-412e-b275-6f2ca4cead44] Register server push request handler:com.alibaba.nacos.common.remote.client.RpcClient$$Lambda$925/0x0000000801300000
2025-04-14 06:54:13.271 [main] INFO  com.alibaba.nacos.client.naming - [REGISTER-SERVICE] xiaohashu registering service xiaohashu-oss with instance Instance{instanceId='null', ip='172.20.10.3', port=8081, weight=1.0, healthy=true, enabled=true, ephemeral=true, clusterName='DEFAULT', serviceName='null', metadata={IPv6=[240e:440:2512:3996:e3c:bcf2:9c47:7b91], preserved.register.source=SPRING_CLOUD}}
2025-04-14 06:54:13.304 [main] INFO  c.a.cloud.nacos.registry.NacosServiceRegistry - nacos registry, DEFAULT_GROUP xiaohashu-oss 172.20.10.3:8081 register finished
2025-04-14 06:54:13.569 [main] INFO  c.q.xiaohashu.oss.biz.XiaohashuOssBizApplication - Started XiaohashuOssBizApplication in 8.366 seconds (process running for 15.757)
2025-04-14 06:55:04.885 [http-nio-8081-exec-1] INFO  o.a.c.core.ContainerBase.[Tomcat].[localhost].[/] - Initializing Spring DispatcherServlet 'dispatcherServlet'
2025-04-14 06:55:04.885 [http-nio-8081-exec-1] INFO  org.springframework.web.servlet.DispatcherServlet - Initializing Servlet 'dispatcherServlet'
2025-04-14 06:55:04.886 [http-nio-8081-exec-1] INFO  org.springframework.web.servlet.DispatcherServlet - Completed initialization in 1 ms
2025-04-14 06:55:04.972 [http-nio-8081-exec-1] INFO  c.q.x.oss.biz.strategy.impl.MinioFileStrategy - ## 上传文件至 Minio ...
2025-04-14 06:55:04.973 [http-nio-8081-exec-1] INFO  c.q.x.oss.biz.strategy.impl.MinioFileStrategy - ==> 开始上传文件至 Minio, ObjectName: a39816f3540341ba991601d812ec2377.jpg
2025-04-14 06:55:05.678 [http-nio-8081-exec-1] INFO  c.q.x.oss.biz.strategy.impl.MinioFileStrategy - ==> 上传文件至 Minio 成功，访问路径: http://127.0.0.1:9000/xiaohashu/a39816f3540341ba991601d812ec2377.jpg
2025-04-14 06:55:05.805 [http-nio-8081-exec-2] INFO  c.q.x.oss.biz.strategy.impl.MinioFileStrategy - ## 上传文件至 Minio ...
2025-04-14 06:55:05.806 [http-nio-8081-exec-2] INFO  c.q.x.oss.biz.strategy.impl.MinioFileStrategy - ==> 开始上传文件至 Minio, ObjectName: 720ab2f2c07a458087c98d2cb5855197.jpg
2025-04-14 06:55:05.907 [http-nio-8081-exec-2] INFO  c.q.x.oss.biz.strategy.impl.MinioFileStrategy - ==> 上传文件至 Minio 成功，访问路径: http://127.0.0.1:9000/xiaohashu/720ab2f2c07a458087c98d2cb5855197.jpg
2025-04-14 07:02:47.945 [Thread-10] WARN  c.alibaba.nacos.common.http.HttpClientBeanHolder - [HttpClientBeanHolder] Start destroying common HttpClient
2025-04-14 07:02:47.946 [Thread-10] WARN  c.alibaba.nacos.common.http.HttpClientBeanHolder - [HttpClientBeanHolder] Destruction of the end
2025-04-14 07:02:47.945 [Thread-7] WARN  com.alibaba.nacos.common.notify.NotifyCenter - [NotifyCenter] Start destroying Publisher
2025-04-14 07:02:47.946 [Thread-7] WARN  com.alibaba.nacos.common.notify.NotifyCenter - [NotifyCenter] Destruction of the end
2025-04-14 07:02:47.992 [SpringApplicationShutdownHook] INFO  c.a.cloud.nacos.registry.NacosServiceRegistry - De-registering from Nacos Server now...
2025-04-14 07:02:47.992 [SpringApplicationShutdownHook] INFO  com.alibaba.nacos.client.naming - [DEREGISTER-SERVICE] xiaohashu deregistering service xiaohashu-oss with instance: Instance{instanceId='null', ip='172.20.10.3', port=8081, weight=1.0, healthy=true, enabled=true, ephemeral=true, clusterName='DEFAULT', serviceName='null', metadata={}}
2025-04-14 07:02:47.996 [SpringApplicationShutdownHook] INFO  c.a.cloud.nacos.registry.NacosServiceRegistry - De-registration finished.
2025-04-14 07:02:47.997 [SpringApplicationShutdownHook] INFO  com.alibaba.nacos.client.naming - com.alibaba.nacos.client.naming.cache.ServiceInfoHolder do shutdown begin
2025-04-14 07:02:47.997 [SpringApplicationShutdownHook] INFO  com.alibaba.nacos.client.naming - com.alibaba.nacos.client.naming.backups.FailoverReactor do shutdown begin
2025-04-14 07:02:47.997 [SpringApplicationShutdownHook] INFO  com.alibaba.nacos.client.naming - com.alibaba.nacos.client.naming.backups.FailoverReactor do shutdown stop
2025-04-14 07:02:47.997 [SpringApplicationShutdownHook] INFO  com.alibaba.nacos.client.naming - com.alibaba.nacos.client.naming.cache.ServiceInfoHolder do shutdown stop
2025-04-14 07:02:47.998 [SpringApplicationShutdownHook] INFO  com.alibaba.nacos.client.naming - com.alibaba.nacos.client.naming.remote.NamingClientProxyDelegate do shutdown begin
2025-04-14 07:02:47.998 [SpringApplicationShutdownHook] INFO  com.alibaba.nacos.client.naming - com.alibaba.nacos.client.naming.core.ServiceInfoUpdateService do shutdown begin
2025-04-14 07:02:47.998 [SpringApplicationShutdownHook] INFO  com.alibaba.nacos.client.naming - com.alibaba.nacos.client.naming.core.ServiceInfoUpdateService do shutdown stop
2025-04-14 07:02:47.998 [SpringApplicationShutdownHook] INFO  com.alibaba.nacos.client.naming - com.alibaba.nacos.client.naming.core.ServerListManager do shutdown begin
2025-04-14 07:02:47.998 [SpringApplicationShutdownHook] WARN  com.alibaba.nacos.client.naming - [NamingHttpClientManager] Start destroying NacosRestTemplate
2025-04-14 07:02:47.998 [SpringApplicationShutdownHook] WARN  com.alibaba.nacos.client.naming - [NamingHttpClientManager] Destruction of the end
2025-04-14 07:02:47.998 [SpringApplicationShutdownHook] INFO  com.alibaba.nacos.client.naming - com.alibaba.nacos.client.naming.core.ServerListManager do shutdown stop
2025-04-14 07:02:47.998 [SpringApplicationShutdownHook] INFO  com.alibaba.nacos.client.naming - com.alibaba.nacos.client.naming.remote.http.NamingHttpClientProxy do shutdown begin
2025-04-14 07:02:47.998 [SpringApplicationShutdownHook] WARN  com.alibaba.nacos.client.naming - [NamingHttpClientManager] Start destroying NacosRestTemplate
2025-04-14 07:02:47.998 [SpringApplicationShutdownHook] WARN  com.alibaba.nacos.client.naming - [NamingHttpClientManager] Destruction of the end
2025-04-14 07:02:47.998 [SpringApplicationShutdownHook] INFO  com.alibaba.nacos.client.naming - com.alibaba.nacos.client.naming.remote.http.NamingHttpClientProxy do shutdown stop
2025-04-14 07:02:47.998 [SpringApplicationShutdownHook] INFO  com.alibaba.nacos.common.remote.client - Shutdown rpc client, set status to shutdown
2025-04-14 07:02:47.998 [SpringApplicationShutdownHook] INFO  com.alibaba.nacos.common.remote.client - Shutdown client event executor java.util.concurrent.ScheduledThreadPoolExecutor@bb1d97e[Running, pool size = 2, active threads = 2, queued tasks = 0, completed tasks = 0]
2025-04-14 07:02:47.999 [SpringApplicationShutdownHook] INFO  com.alibaba.nacos.common.remote.client - Close current connection 1744584852992_127.0.0.1_52751
2025-04-14 07:02:48.001 [SpringApplicationShutdownHook] INFO  c.a.nacos.common.remote.client.grpc.GrpcClient - Shutdown grpc executor java.util.concurrent.ThreadPoolExecutor@7ea0775d[Running, pool size = 4, active threads = 0, queued tasks = 0, completed tasks = 133]
2025-04-14 07:02:48.002 [SpringApplicationShutdownHook] INFO  com.alibaba.nacos.client.naming - Shutdown grpc redo service executor java.util.concurrent.ScheduledThreadPoolExecutor@1e6be13a[Running, pool size = 1, active threads = 0, queued tasks = 1, completed tasks = 171]
2025-04-14 07:02:48.002 [SpringApplicationShutdownHook] INFO  c.a.n.client.auth.ram.identify.CredentialWatcher - [null] CredentialWatcher is stopped
2025-04-14 07:02:48.002 [SpringApplicationShutdownHook] INFO  c.a.n.client.auth.ram.identify.CredentialService - [null] CredentialService is freed
2025-04-14 07:02:48.003 [SpringApplicationShutdownHook] INFO  com.alibaba.nacos.client.naming - com.alibaba.nacos.client.naming.remote.NamingClientProxyDelegate do shutdown stop
2025-04-14 07:02:53.514 [main] WARN  com.alibaba.nacos.client.logging.NacosLogging - Load Logback Configuration of Nacos fail, message: Could not initialize Logback Nacos logging from classpath:nacos-logback.xml
2025-04-14 07:02:53.673 [main] WARN  com.alibaba.nacos.client.logging.NacosLogging - Load Logback Configuration of Nacos fail, message: Could not initialize Logback Nacos logging from classpath:nacos-logback.xml
2025-04-14 07:02:54.808 [main] WARN  com.alibaba.nacos.client.logging.NacosLogging - Load Logback Configuration of Nacos fail, message: Could not initialize Logback Nacos logging from classpath:nacos-logback.xml
2025-04-14 07:02:54.837 [main] WARN  com.alibaba.nacos.client.logging.NacosLogging - Load Logback Configuration of Nacos fail, message: Could not initialize Logback Nacos logging from classpath:nacos-logback.xml
2025-04-14 07:02:54.838 [main] INFO  c.q.xiaohashu.oss.biz.XiaohashuOssBizApplication - The following 1 profile is active: "dev"
2025-04-14 07:02:55.642 [main] INFO  o.springframework.cloud.context.scope.GenericScope - BeanFactory id=3e794a2b-1f48-331b-8aa2-d3fd24ec81b1
2025-04-14 07:02:56.271 [main] INFO  o.s.boot.web.embedded.tomcat.TomcatWebServer - Tomcat initialized with port(s): 8081 (http)
2025-04-14 07:02:56.284 [main] INFO  org.apache.catalina.core.StandardService - Starting service [Tomcat]
2025-04-14 07:02:56.285 [main] INFO  org.apache.catalina.core.StandardEngine - Starting Servlet engine: [Apache Tomcat/10.1.5]
2025-04-14 07:02:56.405 [main] INFO  o.a.c.core.ContainerBase.[Tomcat].[localhost].[/] - Initializing Spring embedded WebApplicationContext
2025-04-14 07:02:56.405 [main] INFO  o.s.b.w.s.c.ServletWebServerApplicationContext - Root WebApplicationContext: initialization completed in 1545 ms
2025-04-14 07:02:58.818 [main] INFO  o.s.boot.web.embedded.tomcat.TomcatWebServer - Tomcat started on port(s): 8081 (http) with context path ''
2025-04-14 07:02:58.833 [main] WARN  com.alibaba.nacos.client.logging.NacosLogging - Load Logback Configuration of Nacos fail, message: Could not initialize Logback Nacos logging from classpath:nacos-logback.xml
2025-04-14 07:02:58.833 [main] INFO  com.alibaba.nacos.client.naming - initializer namespace from ans.namespace attribute : null
2025-04-14 07:02:58.834 [main] INFO  com.alibaba.nacos.client.naming - initializer namespace from ALIBABA_ALIWARE_NAMESPACE attribute :null
2025-04-14 07:02:58.835 [main] INFO  com.alibaba.nacos.client.naming - initializer namespace from namespace attribute :null
2025-04-14 07:02:58.881 [main] INFO  com.alibaba.nacos.client.utils.ParamUtil - [settings] [req-serv] nacos-server port:8848
2025-04-14 07:02:58.882 [main] INFO  com.alibaba.nacos.client.utils.ParamUtil - [settings] [http-client] connect timeout:1000
2025-04-14 07:02:58.883 [main] INFO  com.alibaba.nacos.client.utils.ParamUtil - PER_TASK_CONFIG_SIZE: 3000.0
2025-04-14 07:02:58.892 [main] INFO  c.a.n.p.auth.spi.client.ClientAuthPluginManager - [ClientAuthPluginManager] Load ClientAuthService com.alibaba.nacos.client.auth.impl.NacosClientAuthServiceImpl success.
2025-04-14 07:02:58.892 [main] INFO  c.a.n.p.auth.spi.client.ClientAuthPluginManager - [ClientAuthPluginManager] Load ClientAuthService com.alibaba.nacos.client.auth.ram.RamClientAuthServiceImpl success.
2025-04-14 07:02:58.899 [main] INFO  c.a.n.client.auth.ram.identify.CredentialWatcher - null No credential found
2025-04-14 07:02:58.919 [main] INFO  com.alibaba.nacos.common.remote.client - [RpcClientFactory] create a new rpc client of 01b464f2-6c6e-48d3-999c-21c775608d0f
2025-04-14 07:02:58.966 [main] INFO  com.alibaba.nacos.common.remote.client - [01b464f2-6c6e-48d3-999c-21c775608d0f] RpcClient init, ServerListFactory = com.alibaba.nacos.client.naming.core.ServerListManager
2025-04-14 07:02:58.966 [main] INFO  com.alibaba.nacos.common.remote.client - [01b464f2-6c6e-48d3-999c-21c775608d0f] Registry connection listener to current client:com.alibaba.nacos.client.naming.remote.gprc.redo.NamingGrpcRedoService
2025-04-14 07:02:58.967 [main] INFO  com.alibaba.nacos.common.remote.client - [01b464f2-6c6e-48d3-999c-21c775608d0f] Register server push request handler:com.alibaba.nacos.client.naming.remote.gprc.NamingPushRequestHandler
2025-04-14 07:02:58.973 [main] INFO  com.alibaba.nacos.common.remote.client - [01b464f2-6c6e-48d3-999c-21c775608d0f] Try to connect to server on start up, server: {serverIp = '127.0.0.1', server main port = 8848}
2025-04-14 07:02:59.049 [main] INFO  c.a.nacos.common.remote.client.grpc.GrpcClient - grpc client connection server:127.0.0.1 ip,serverPort:9848,grpcTslConfig:{"sslProvider":"OPENSSL","enableTls":false,"mutualAuthEnable":false,"trustAll":false}
2025-04-14 07:03:00.584 [main] INFO  com.alibaba.nacos.common.remote.client - [01b464f2-6c6e-48d3-999c-21c775608d0f] Success to connect to server [127.0.0.1:8848] on start up, connectionId = 1744585380308_127.0.0.1_53406
2025-04-14 07:03:00.586 [com.alibaba.nacos.client.remote.worker] INFO  com.alibaba.nacos.common.remote.client - [01b464f2-6c6e-48d3-999c-21c775608d0f] Notify connected event to listeners.
2025-04-14 07:03:00.587 [com.alibaba.nacos.client.remote.worker] INFO  com.alibaba.nacos.client.naming - Grpc connection connect
2025-04-14 07:03:00.588 [main] INFO  com.alibaba.nacos.common.remote.client - [01b464f2-6c6e-48d3-999c-21c775608d0f] Register server push request handler:com.alibaba.nacos.common.remote.client.RpcClient$ConnectResetRequestHandler
2025-04-14 07:03:00.588 [main] INFO  com.alibaba.nacos.common.remote.client - [01b464f2-6c6e-48d3-999c-21c775608d0f] Register server push request handler:com.alibaba.nacos.common.remote.client.RpcClient$$Lambda$937/0x0000000801309228
2025-04-14 07:03:00.590 [main] INFO  com.alibaba.nacos.client.naming - [REGISTER-SERVICE] xiaohashu registering service xiaohashu-oss with instance Instance{instanceId='null', ip='172.20.10.3', port=8081, weight=1.0, healthy=true, enabled=true, ephemeral=true, clusterName='DEFAULT', serviceName='null', metadata={IPv6=[240e:440:2512:3996:e3c:bcf2:9c47:7b91], preserved.register.source=SPRING_CLOUD}}
2025-04-14 07:03:00.618 [main] INFO  c.a.cloud.nacos.registry.NacosServiceRegistry - nacos registry, DEFAULT_GROUP xiaohashu-oss 172.20.10.3:8081 register finished
2025-04-14 07:03:00.861 [main] INFO  c.q.xiaohashu.oss.biz.XiaohashuOssBizApplication - Started XiaohashuOssBizApplication in 8.602 seconds (process running for 9.552)
2025-04-14 07:20:40.821 [Thread-10] WARN  c.alibaba.nacos.common.http.HttpClientBeanHolder - [HttpClientBeanHolder] Start destroying common HttpClient
2025-04-14 07:20:40.821 [Thread-7] WARN  com.alibaba.nacos.common.notify.NotifyCenter - [NotifyCenter] Start destroying Publisher
2025-04-14 07:20:40.822 [Thread-7] WARN  com.alibaba.nacos.common.notify.NotifyCenter - [NotifyCenter] Destruction of the end
2025-04-14 07:20:40.822 [Thread-10] WARN  c.alibaba.nacos.common.http.HttpClientBeanHolder - [HttpClientBeanHolder] Destruction of the end
2025-04-14 07:20:40.849 [SpringApplicationShutdownHook] INFO  c.a.cloud.nacos.registry.NacosServiceRegistry - De-registering from Nacos Server now...
2025-04-14 07:20:40.850 [SpringApplicationShutdownHook] INFO  com.alibaba.nacos.client.naming - [DEREGISTER-SERVICE] xiaohashu deregistering service xiaohashu-oss with instance: Instance{instanceId='null', ip='172.20.10.3', port=8081, weight=1.0, healthy=true, enabled=true, ephemeral=true, clusterName='DEFAULT', serviceName='null', metadata={}}
2025-04-14 07:20:40.852 [SpringApplicationShutdownHook] INFO  c.a.cloud.nacos.registry.NacosServiceRegistry - De-registration finished.
2025-04-14 07:20:40.853 [SpringApplicationShutdownHook] INFO  com.alibaba.nacos.client.naming - com.alibaba.nacos.client.naming.cache.ServiceInfoHolder do shutdown begin
2025-04-14 07:20:40.853 [SpringApplicationShutdownHook] INFO  com.alibaba.nacos.client.naming - com.alibaba.nacos.client.naming.backups.FailoverReactor do shutdown begin
2025-04-14 07:20:40.853 [SpringApplicationShutdownHook] INFO  com.alibaba.nacos.client.naming - com.alibaba.nacos.client.naming.backups.FailoverReactor do shutdown stop
2025-04-14 07:20:40.854 [SpringApplicationShutdownHook] INFO  com.alibaba.nacos.client.naming - com.alibaba.nacos.client.naming.cache.ServiceInfoHolder do shutdown stop
2025-04-14 07:20:40.854 [SpringApplicationShutdownHook] INFO  com.alibaba.nacos.client.naming - com.alibaba.nacos.client.naming.remote.NamingClientProxyDelegate do shutdown begin
2025-04-14 07:20:40.854 [SpringApplicationShutdownHook] INFO  com.alibaba.nacos.client.naming - com.alibaba.nacos.client.naming.core.ServiceInfoUpdateService do shutdown begin
2025-04-14 07:20:40.854 [SpringApplicationShutdownHook] INFO  com.alibaba.nacos.client.naming - com.alibaba.nacos.client.naming.core.ServiceInfoUpdateService do shutdown stop
2025-04-14 07:20:40.854 [SpringApplicationShutdownHook] INFO  com.alibaba.nacos.client.naming - com.alibaba.nacos.client.naming.core.ServerListManager do shutdown begin
2025-04-14 07:20:40.854 [SpringApplicationShutdownHook] WARN  com.alibaba.nacos.client.naming - [NamingHttpClientManager] Start destroying NacosRestTemplate
2025-04-14 07:20:40.854 [SpringApplicationShutdownHook] WARN  com.alibaba.nacos.client.naming - [NamingHttpClientManager] Destruction of the end
2025-04-14 07:20:40.854 [SpringApplicationShutdownHook] INFO  com.alibaba.nacos.client.naming - com.alibaba.nacos.client.naming.core.ServerListManager do shutdown stop
2025-04-14 07:20:40.854 [SpringApplicationShutdownHook] INFO  com.alibaba.nacos.client.naming - com.alibaba.nacos.client.naming.remote.http.NamingHttpClientProxy do shutdown begin
2025-04-14 07:20:40.854 [SpringApplicationShutdownHook] WARN  com.alibaba.nacos.client.naming - [NamingHttpClientManager] Start destroying NacosRestTemplate
2025-04-14 07:20:40.854 [SpringApplicationShutdownHook] WARN  com.alibaba.nacos.client.naming - [NamingHttpClientManager] Destruction of the end
2025-04-14 07:20:40.854 [SpringApplicationShutdownHook] INFO  com.alibaba.nacos.client.naming - com.alibaba.nacos.client.naming.remote.http.NamingHttpClientProxy do shutdown stop
2025-04-14 07:20:40.854 [SpringApplicationShutdownHook] INFO  com.alibaba.nacos.common.remote.client - Shutdown rpc client, set status to shutdown
2025-04-14 07:20:40.855 [SpringApplicationShutdownHook] INFO  com.alibaba.nacos.common.remote.client - Shutdown client event executor java.util.concurrent.ScheduledThreadPoolExecutor@53ed4802[Running, pool size = 2, active threads = 2, queued tasks = 0, completed tasks = 0]
2025-04-14 07:20:40.855 [SpringApplicationShutdownHook] INFO  com.alibaba.nacos.common.remote.client - Close current connection 1744585380308_127.0.0.1_53406
2025-04-14 07:20:40.857 [nacos-grpc-client-executor-127.0.0.1-244] INFO  c.a.nacos.common.remote.client.grpc.GrpcClient - [1744585380308_127.0.0.1_53406]Ignore complete event,isRunning:false,isAbandon=false
2025-04-14 07:20:40.862 [SpringApplicationShutdownHook] INFO  c.a.nacos.common.remote.client.grpc.GrpcClient - Shutdown grpc executor java.util.concurrent.ThreadPoolExecutor@c4b861e[Running, pool size = 4, active threads = 0, queued tasks = 0, completed tasks = 245]
2025-04-14 07:20:40.862 [SpringApplicationShutdownHook] INFO  com.alibaba.nacos.client.naming - Shutdown grpc redo service executor java.util.concurrent.ScheduledThreadPoolExecutor@72742a27[Running, pool size = 1, active threads = 0, queued tasks = 1, completed tasks = 352]
2025-04-14 07:20:40.862 [SpringApplicationShutdownHook] INFO  c.a.n.client.auth.ram.identify.CredentialWatcher - [null] CredentialWatcher is stopped
2025-04-14 07:20:40.862 [SpringApplicationShutdownHook] INFO  c.a.n.client.auth.ram.identify.CredentialService - [null] CredentialService is freed
2025-04-14 07:20:40.863 [SpringApplicationShutdownHook] INFO  com.alibaba.nacos.client.naming - com.alibaba.nacos.client.naming.remote.NamingClientProxyDelegate do shutdown stop
2025-04-14 07:20:45.955 [main] WARN  com.alibaba.nacos.client.logging.NacosLogging - Load Logback Configuration of Nacos fail, message: Could not initialize Logback Nacos logging from classpath:nacos-logback.xml
2025-04-14 07:20:46.037 [main] WARN  com.alibaba.nacos.client.logging.NacosLogging - Load Logback Configuration of Nacos fail, message: Could not initialize Logback Nacos logging from classpath:nacos-logback.xml
2025-04-14 07:20:46.620 [main] WARN  com.alibaba.nacos.client.logging.NacosLogging - Load Logback Configuration of Nacos fail, message: Could not initialize Logback Nacos logging from classpath:nacos-logback.xml
2025-04-14 07:20:46.635 [main] WARN  com.alibaba.nacos.client.logging.NacosLogging - Load Logback Configuration of Nacos fail, message: Could not initialize Logback Nacos logging from classpath:nacos-logback.xml
2025-04-14 07:20:46.636 [main] INFO  c.q.xiaohashu.oss.biz.XiaohashuOssBizApplication - The following 1 profile is active: "dev"
2025-04-14 07:20:47.370 [main] INFO  o.springframework.cloud.context.scope.GenericScope - BeanFactory id=3e794a2b-1f48-331b-8aa2-d3fd24ec81b1
2025-04-14 07:20:47.831 [main] INFO  o.s.boot.web.embedded.tomcat.TomcatWebServer - Tomcat initialized with port(s): 8081 (http)
2025-04-14 07:20:47.844 [main] INFO  org.apache.catalina.core.StandardService - Starting service [Tomcat]
2025-04-14 07:20:47.844 [main] INFO  org.apache.catalina.core.StandardEngine - Starting Servlet engine: [Apache Tomcat/10.1.5]
2025-04-14 07:20:48.016 [main] INFO  o.a.c.core.ContainerBase.[Tomcat].[localhost].[/] - Initializing Spring embedded WebApplicationContext
2025-04-14 07:20:48.016 [main] INFO  o.s.b.w.s.c.ServletWebServerApplicationContext - Root WebApplicationContext: initialization completed in 1365 ms
2025-04-14 07:20:50.125 [main] INFO  o.s.boot.web.embedded.tomcat.TomcatWebServer - Tomcat started on port(s): 8081 (http) with context path ''
2025-04-14 07:20:50.133 [main] WARN  com.alibaba.nacos.client.logging.NacosLogging - Load Logback Configuration of Nacos fail, message: Could not initialize Logback Nacos logging from classpath:nacos-logback.xml
2025-04-14 07:20:50.134 [main] INFO  com.alibaba.nacos.client.naming - initializer namespace from ans.namespace attribute : null
2025-04-14 07:20:50.134 [main] INFO  com.alibaba.nacos.client.naming - initializer namespace from ALIBABA_ALIWARE_NAMESPACE attribute :null
2025-04-14 07:20:50.135 [main] INFO  com.alibaba.nacos.client.naming - initializer namespace from namespace attribute :null
2025-04-14 07:20:50.167 [main] INFO  com.alibaba.nacos.client.utils.ParamUtil - [settings] [req-serv] nacos-server port:8848
2025-04-14 07:20:50.167 [main] INFO  com.alibaba.nacos.client.utils.ParamUtil - [settings] [http-client] connect timeout:1000
2025-04-14 07:20:50.168 [main] INFO  com.alibaba.nacos.client.utils.ParamUtil - PER_TASK_CONFIG_SIZE: 3000.0
2025-04-14 07:20:50.173 [main] INFO  c.a.n.p.auth.spi.client.ClientAuthPluginManager - [ClientAuthPluginManager] Load ClientAuthService com.alibaba.nacos.client.auth.impl.NacosClientAuthServiceImpl success.
2025-04-14 07:20:50.173 [main] INFO  c.a.n.p.auth.spi.client.ClientAuthPluginManager - [ClientAuthPluginManager] Load ClientAuthService com.alibaba.nacos.client.auth.ram.RamClientAuthServiceImpl success.
2025-04-14 07:20:50.177 [main] INFO  c.a.n.client.auth.ram.identify.CredentialWatcher - null No credential found
2025-04-14 07:20:50.187 [main] INFO  com.alibaba.nacos.common.remote.client - [RpcClientFactory] create a new rpc client of 47f010df-429d-43f7-a4e7-bf883e5bd970
2025-04-14 07:20:50.210 [main] INFO  com.alibaba.nacos.common.remote.client - [47f010df-429d-43f7-a4e7-bf883e5bd970] RpcClient init, ServerListFactory = com.alibaba.nacos.client.naming.core.ServerListManager
2025-04-14 07:20:50.210 [main] INFO  com.alibaba.nacos.common.remote.client - [47f010df-429d-43f7-a4e7-bf883e5bd970] Registry connection listener to current client:com.alibaba.nacos.client.naming.remote.gprc.redo.NamingGrpcRedoService
2025-04-14 07:20:50.211 [main] INFO  com.alibaba.nacos.common.remote.client - [47f010df-429d-43f7-a4e7-bf883e5bd970] Register server push request handler:com.alibaba.nacos.client.naming.remote.gprc.NamingPushRequestHandler
2025-04-14 07:20:50.213 [main] INFO  com.alibaba.nacos.common.remote.client - [47f010df-429d-43f7-a4e7-bf883e5bd970] Try to connect to server on start up, server: {serverIp = '127.0.0.1', server main port = 8848}
2025-04-14 07:20:50.279 [main] INFO  c.a.nacos.common.remote.client.grpc.GrpcClient - grpc client connection server:127.0.0.1 ip,serverPort:9848,grpcTslConfig:{"sslProvider":"OPENSSL","enableTls":false,"mutualAuthEnable":false,"trustAll":false}
2025-04-14 07:20:52.229 [main] INFO  com.alibaba.nacos.common.remote.client - [47f010df-429d-43f7-a4e7-bf883e5bd970] Success to connect to server [127.0.0.1:8848] on start up, connectionId = 1744586451915_127.0.0.1_54934
2025-04-14 07:20:52.230 [com.alibaba.nacos.client.remote.worker] INFO  com.alibaba.nacos.common.remote.client - [47f010df-429d-43f7-a4e7-bf883e5bd970] Notify connected event to listeners.
2025-04-14 07:20:52.231 [com.alibaba.nacos.client.remote.worker] INFO  com.alibaba.nacos.client.naming - Grpc connection connect
2025-04-14 07:20:52.231 [main] INFO  com.alibaba.nacos.common.remote.client - [47f010df-429d-43f7-a4e7-bf883e5bd970] Register server push request handler:com.alibaba.nacos.common.remote.client.RpcClient$ConnectResetRequestHandler
2025-04-14 07:20:52.232 [main] INFO  com.alibaba.nacos.common.remote.client - [47f010df-429d-43f7-a4e7-bf883e5bd970] Register server push request handler:com.alibaba.nacos.common.remote.client.RpcClient$$Lambda$937/0x0000000801307700
2025-04-14 07:20:52.234 [main] INFO  com.alibaba.nacos.client.naming - [REGISTER-SERVICE] xiaohashu registering service xiaohashu-oss with instance Instance{instanceId='null', ip='172.20.10.3', port=8081, weight=1.0, healthy=true, enabled=true, ephemeral=true, clusterName='DEFAULT', serviceName='null', metadata={IPv6=[240e:440:2512:3996:e3c:bcf2:9c47:7b91], preserved.register.source=SPRING_CLOUD}}
2025-04-14 07:20:52.268 [main] INFO  c.a.cloud.nacos.registry.NacosServiceRegistry - nacos registry, DEFAULT_GROUP xiaohashu-oss 172.20.10.3:8081 register finished
2025-04-14 07:20:52.519 [main] INFO  c.q.xiaohashu.oss.biz.XiaohashuOssBizApplication - Started XiaohashuOssBizApplication in 7.542 seconds (process running for 8.376)
2025-04-14 07:47:36.094 [Thread-10] WARN  c.alibaba.nacos.common.http.HttpClientBeanHolder - [HttpClientBeanHolder] Start destroying common HttpClient
2025-04-14 07:47:36.094 [Thread-7] WARN  com.alibaba.nacos.common.notify.NotifyCenter - [NotifyCenter] Start destroying Publisher
2025-04-14 07:47:36.095 [Thread-7] WARN  com.alibaba.nacos.common.notify.NotifyCenter - [NotifyCenter] Destruction of the end
2025-04-14 07:47:36.096 [Thread-10] WARN  c.alibaba.nacos.common.http.HttpClientBeanHolder - [HttpClientBeanHolder] Destruction of the end
2025-04-14 07:47:36.169 [SpringApplicationShutdownHook] INFO  c.a.cloud.nacos.registry.NacosServiceRegistry - De-registering from Nacos Server now...
2025-04-14 07:47:36.169 [SpringApplicationShutdownHook] INFO  com.alibaba.nacos.client.naming - [DEREGISTER-SERVICE] xiaohashu deregistering service xiaohashu-oss with instance: Instance{instanceId='null', ip='172.20.10.3', port=8081, weight=1.0, healthy=true, enabled=true, ephemeral=true, clusterName='DEFAULT', serviceName='null', metadata={}}
2025-04-14 07:47:36.172 [SpringApplicationShutdownHook] INFO  c.a.cloud.nacos.registry.NacosServiceRegistry - De-registration finished.
2025-04-14 07:47:36.172 [SpringApplicationShutdownHook] INFO  com.alibaba.nacos.client.naming - com.alibaba.nacos.client.naming.cache.ServiceInfoHolder do shutdown begin
2025-04-14 07:47:36.172 [SpringApplicationShutdownHook] INFO  com.alibaba.nacos.client.naming - com.alibaba.nacos.client.naming.backups.FailoverReactor do shutdown begin
2025-04-14 07:47:36.173 [SpringApplicationShutdownHook] INFO  com.alibaba.nacos.client.naming - com.alibaba.nacos.client.naming.backups.FailoverReactor do shutdown stop
2025-04-14 07:47:36.173 [SpringApplicationShutdownHook] INFO  com.alibaba.nacos.client.naming - com.alibaba.nacos.client.naming.cache.ServiceInfoHolder do shutdown stop
2025-04-14 07:47:36.173 [SpringApplicationShutdownHook] INFO  com.alibaba.nacos.client.naming - com.alibaba.nacos.client.naming.remote.NamingClientProxyDelegate do shutdown begin
2025-04-14 07:47:36.173 [SpringApplicationShutdownHook] INFO  com.alibaba.nacos.client.naming - com.alibaba.nacos.client.naming.core.ServiceInfoUpdateService do shutdown begin
2025-04-14 07:47:36.173 [SpringApplicationShutdownHook] INFO  com.alibaba.nacos.client.naming - com.alibaba.nacos.client.naming.core.ServiceInfoUpdateService do shutdown stop
2025-04-14 07:47:36.173 [SpringApplicationShutdownHook] INFO  com.alibaba.nacos.client.naming - com.alibaba.nacos.client.naming.core.ServerListManager do shutdown begin
2025-04-14 07:47:36.173 [SpringApplicationShutdownHook] WARN  com.alibaba.nacos.client.naming - [NamingHttpClientManager] Start destroying NacosRestTemplate
2025-04-14 07:47:36.173 [SpringApplicationShutdownHook] WARN  com.alibaba.nacos.client.naming - [NamingHttpClientManager] Destruction of the end
2025-04-14 07:47:36.173 [SpringApplicationShutdownHook] INFO  com.alibaba.nacos.client.naming - com.alibaba.nacos.client.naming.core.ServerListManager do shutdown stop
2025-04-14 07:47:36.173 [SpringApplicationShutdownHook] INFO  com.alibaba.nacos.client.naming - com.alibaba.nacos.client.naming.remote.http.NamingHttpClientProxy do shutdown begin
2025-04-14 07:47:36.173 [SpringApplicationShutdownHook] WARN  com.alibaba.nacos.client.naming - [NamingHttpClientManager] Start destroying NacosRestTemplate
2025-04-14 07:47:36.173 [SpringApplicationShutdownHook] WARN  com.alibaba.nacos.client.naming - [NamingHttpClientManager] Destruction of the end
2025-04-14 07:47:36.173 [SpringApplicationShutdownHook] INFO  com.alibaba.nacos.client.naming - com.alibaba.nacos.client.naming.remote.http.NamingHttpClientProxy do shutdown stop
2025-04-14 07:47:36.173 [SpringApplicationShutdownHook] INFO  com.alibaba.nacos.common.remote.client - Shutdown rpc client, set status to shutdown
2025-04-14 07:47:36.173 [SpringApplicationShutdownHook] INFO  com.alibaba.nacos.common.remote.client - Shutdown client event executor java.util.concurrent.ScheduledThreadPoolExecutor@37350aa1[Running, pool size = 2, active threads = 2, queued tasks = 0, completed tasks = 0]
2025-04-14 07:47:36.173 [SpringApplicationShutdownHook] INFO  com.alibaba.nacos.common.remote.client - Close current connection 1744586451915_127.0.0.1_54934
2025-04-14 07:47:36.176 [nacos-grpc-client-executor-127.0.0.1-354] INFO  c.a.nacos.common.remote.client.grpc.GrpcClient - [1744586451915_127.0.0.1_54934]Ignore complete event,isRunning:false,isAbandon=false
2025-04-14 07:47:36.178 [SpringApplicationShutdownHook] INFO  c.a.nacos.common.remote.client.grpc.GrpcClient - Shutdown grpc executor java.util.concurrent.ThreadPoolExecutor@5ffd7e36[Running, pool size = 4, active threads = 0, queued tasks = 0, completed tasks = 355]
2025-04-14 07:47:36.179 [SpringApplicationShutdownHook] INFO  com.alibaba.nacos.client.naming - Shutdown grpc redo service executor java.util.concurrent.ScheduledThreadPoolExecutor@63bf0b25[Running, pool size = 1, active threads = 0, queued tasks = 1, completed tasks = 533]
2025-04-14 07:47:36.180 [SpringApplicationShutdownHook] INFO  c.a.n.client.auth.ram.identify.CredentialWatcher - [null] CredentialWatcher is stopped
2025-04-14 07:47:36.180 [SpringApplicationShutdownHook] INFO  c.a.n.client.auth.ram.identify.CredentialService - [null] CredentialService is freed
2025-04-14 07:47:36.180 [SpringApplicationShutdownHook] INFO  com.alibaba.nacos.client.naming - com.alibaba.nacos.client.naming.remote.NamingClientProxyDelegate do shutdown stop
2025-04-14 07:47:40.322 [main] WARN  com.alibaba.nacos.client.logging.NacosLogging - Load Logback Configuration of Nacos fail, message: Could not initialize Logback Nacos logging from classpath:nacos-logback.xml
2025-04-14 07:47:40.421 [main] WARN  com.alibaba.nacos.client.logging.NacosLogging - Load Logback Configuration of Nacos fail, message: Could not initialize Logback Nacos logging from classpath:nacos-logback.xml
2025-04-14 07:47:41.048 [main] WARN  com.alibaba.nacos.client.logging.NacosLogging - Load Logback Configuration of Nacos fail, message: Could not initialize Logback Nacos logging from classpath:nacos-logback.xml
2025-04-14 07:47:41.065 [main] WARN  com.alibaba.nacos.client.logging.NacosLogging - Load Logback Configuration of Nacos fail, message: Could not initialize Logback Nacos logging from classpath:nacos-logback.xml
2025-04-14 07:47:41.066 [main] INFO  c.q.xiaohashu.oss.biz.XiaohashuOssBizApplication - The following 1 profile is active: "dev"
2025-04-14 07:47:41.768 [main] INFO  o.springframework.cloud.context.scope.GenericScope - BeanFactory id=3e794a2b-1f48-331b-8aa2-d3fd24ec81b1
2025-04-14 07:47:42.311 [main] INFO  o.s.boot.web.embedded.tomcat.TomcatWebServer - Tomcat initialized with port(s): 8081 (http)
2025-04-14 07:47:42.344 [main] INFO  org.apache.catalina.core.StandardService - Starting service [Tomcat]
2025-04-14 07:47:42.344 [main] INFO  org.apache.catalina.core.StandardEngine - Starting Servlet engine: [Apache Tomcat/10.1.5]
2025-04-14 07:47:42.438 [main] INFO  o.a.c.core.ContainerBase.[Tomcat].[localhost].[/] - Initializing Spring embedded WebApplicationContext
2025-04-14 07:47:42.438 [main] INFO  o.s.b.w.s.c.ServletWebServerApplicationContext - Root WebApplicationContext: initialization completed in 1356 ms
2025-04-14 07:47:44.162 [main] INFO  o.s.boot.web.embedded.tomcat.TomcatWebServer - Tomcat started on port(s): 8081 (http) with context path ''
2025-04-14 07:47:44.170 [main] WARN  com.alibaba.nacos.client.logging.NacosLogging - Load Logback Configuration of Nacos fail, message: Could not initialize Logback Nacos logging from classpath:nacos-logback.xml
2025-04-14 07:47:44.170 [main] INFO  com.alibaba.nacos.client.naming - initializer namespace from ans.namespace attribute : null
2025-04-14 07:47:44.171 [main] INFO  com.alibaba.nacos.client.naming - initializer namespace from ALIBABA_ALIWARE_NAMESPACE attribute :null
2025-04-14 07:47:44.171 [main] INFO  com.alibaba.nacos.client.naming - initializer namespace from namespace attribute :null
2025-04-14 07:47:44.182 [main] WARN  o.s.b.w.s.c.AnnotationConfigServletWebServerApplicationContext - Exception encountered during context initialization - cancelling refresh attempt: org.springframework.context.ApplicationContextException: Failed to start bean 'webServerStartStop'
2025-04-14 07:47:48.292 [main] WARN  com.alibaba.nacos.client.logging.NacosLogging - Load Logback Configuration of Nacos fail, message: Could not initialize Logback Nacos logging from classpath:nacos-logback.xml
2025-04-14 07:47:48.371 [main] WARN  com.alibaba.nacos.client.logging.NacosLogging - Load Logback Configuration of Nacos fail, message: Could not initialize Logback Nacos logging from classpath:nacos-logback.xml
2025-04-14 07:47:48.972 [main] WARN  com.alibaba.nacos.client.logging.NacosLogging - Load Logback Configuration of Nacos fail, message: Could not initialize Logback Nacos logging from classpath:nacos-logback.xml
2025-04-14 07:47:48.990 [main] WARN  com.alibaba.nacos.client.logging.NacosLogging - Load Logback Configuration of Nacos fail, message: Could not initialize Logback Nacos logging from classpath:nacos-logback.xml
2025-04-14 07:47:48.991 [main] INFO  c.q.xiaohashu.oss.biz.XiaohashuOssBizApplication - The following 1 profile is active: "dev"
2025-04-14 07:47:49.648 [main] INFO  o.springframework.cloud.context.scope.GenericScope - BeanFactory id=3e794a2b-1f48-331b-8aa2-d3fd24ec81b1
2025-04-14 07:47:50.097 [main] INFO  o.s.boot.web.embedded.tomcat.TomcatWebServer - Tomcat initialized with port(s): 8081 (http)
2025-04-14 07:47:50.107 [main] INFO  org.apache.catalina.core.StandardService - Starting service [Tomcat]
2025-04-14 07:47:50.108 [main] INFO  org.apache.catalina.core.StandardEngine - Starting Servlet engine: [Apache Tomcat/10.1.5]
2025-04-14 07:47:50.209 [main] INFO  o.a.c.core.ContainerBase.[Tomcat].[localhost].[/] - Initializing Spring embedded WebApplicationContext
2025-04-14 07:47:50.209 [main] INFO  o.s.b.w.s.c.ServletWebServerApplicationContext - Root WebApplicationContext: initialization completed in 1203 ms
2025-04-14 07:47:51.487 [main] INFO  o.s.boot.web.embedded.tomcat.TomcatWebServer - Tomcat started on port(s): 8081 (http) with context path ''
2025-04-14 07:47:51.495 [main] WARN  com.alibaba.nacos.client.logging.NacosLogging - Load Logback Configuration of Nacos fail, message: Could not initialize Logback Nacos logging from classpath:nacos-logback.xml
2025-04-14 07:47:51.495 [main] INFO  com.alibaba.nacos.client.naming - initializer namespace from ans.namespace attribute : null
2025-04-14 07:47:51.496 [main] INFO  com.alibaba.nacos.client.naming - initializer namespace from ALIBABA_ALIWARE_NAMESPACE attribute :null
2025-04-14 07:47:51.497 [main] INFO  com.alibaba.nacos.client.naming - initializer namespace from namespace attribute :null
2025-04-14 07:47:51.526 [main] INFO  com.alibaba.nacos.client.utils.ParamUtil - [settings] [req-serv] nacos-server port:8848
2025-04-14 07:47:51.526 [main] INFO  com.alibaba.nacos.client.utils.ParamUtil - [settings] [http-client] connect timeout:1000
2025-04-14 07:47:51.527 [main] INFO  com.alibaba.nacos.client.utils.ParamUtil - PER_TASK_CONFIG_SIZE: 3000.0
2025-04-14 07:47:51.532 [main] INFO  c.a.n.p.auth.spi.client.ClientAuthPluginManager - [ClientAuthPluginManager] Load ClientAuthService com.alibaba.nacos.client.auth.impl.NacosClientAuthServiceImpl success.
2025-04-14 07:47:51.532 [main] INFO  c.a.n.p.auth.spi.client.ClientAuthPluginManager - [ClientAuthPluginManager] Load ClientAuthService com.alibaba.nacos.client.auth.ram.RamClientAuthServiceImpl success.
2025-04-14 07:47:51.535 [main] INFO  c.a.n.client.auth.ram.identify.CredentialWatcher - null No credential found
2025-04-14 07:47:51.546 [main] INFO  com.alibaba.nacos.common.remote.client - [RpcClientFactory] create a new rpc client of 60cdd13e-4d77-41e7-b6b9-4f70088045a0
2025-04-14 07:47:51.566 [main] INFO  com.alibaba.nacos.common.remote.client - [60cdd13e-4d77-41e7-b6b9-4f70088045a0] RpcClient init, ServerListFactory = com.alibaba.nacos.client.naming.core.ServerListManager
2025-04-14 07:47:51.566 [main] INFO  com.alibaba.nacos.common.remote.client - [60cdd13e-4d77-41e7-b6b9-4f70088045a0] Registry connection listener to current client:com.alibaba.nacos.client.naming.remote.gprc.redo.NamingGrpcRedoService
2025-04-14 07:47:51.566 [main] INFO  com.alibaba.nacos.common.remote.client - [60cdd13e-4d77-41e7-b6b9-4f70088045a0] Register server push request handler:com.alibaba.nacos.client.naming.remote.gprc.NamingPushRequestHandler
2025-04-14 07:47:51.570 [main] INFO  com.alibaba.nacos.common.remote.client - [60cdd13e-4d77-41e7-b6b9-4f70088045a0] Try to connect to server on start up, server: {serverIp = '127.0.0.1', server main port = 8848}
2025-04-14 07:47:51.607 [main] INFO  c.a.nacos.common.remote.client.grpc.GrpcClient - grpc client connection server:127.0.0.1 ip,serverPort:9848,grpcTslConfig:{"sslProvider":"OPENSSL","enableTls":false,"mutualAuthEnable":false,"trustAll":false}
2025-04-14 07:47:52.529 [main] INFO  com.alibaba.nacos.common.remote.client - [60cdd13e-4d77-41e7-b6b9-4f70088045a0] Success to connect to server [127.0.0.1:8848] on start up, connectionId = 1744588072322_127.0.0.1_56228
2025-04-14 07:47:52.530 [com.alibaba.nacos.client.remote.worker] INFO  com.alibaba.nacos.common.remote.client - [60cdd13e-4d77-41e7-b6b9-4f70088045a0] Notify connected event to listeners.
2025-04-14 07:47:52.530 [com.alibaba.nacos.client.remote.worker] INFO  com.alibaba.nacos.client.naming - Grpc connection connect
2025-04-14 07:47:52.530 [main] INFO  com.alibaba.nacos.common.remote.client - [60cdd13e-4d77-41e7-b6b9-4f70088045a0] Register server push request handler:com.alibaba.nacos.common.remote.client.RpcClient$ConnectResetRequestHandler
2025-04-14 07:47:52.531 [main] INFO  com.alibaba.nacos.common.remote.client - [60cdd13e-4d77-41e7-b6b9-4f70088045a0] Register server push request handler:com.alibaba.nacos.common.remote.client.RpcClient$$Lambda$937/0x0000000801308000
2025-04-14 07:47:52.532 [main] INFO  com.alibaba.nacos.client.naming - [REGISTER-SERVICE] xiaohashu registering service xiaohashu-oss with instance Instance{instanceId='null', ip='172.20.10.3', port=8081, weight=1.0, healthy=true, enabled=true, ephemeral=true, clusterName='DEFAULT', serviceName='null', metadata={IPv6=[240e:440:2512:3996:e3c:bcf2:9c47:7b91], preserved.register.source=SPRING_CLOUD}}
2025-04-14 07:47:52.548 [main] INFO  c.a.cloud.nacos.registry.NacosServiceRegistry - nacos registry, DEFAULT_GROUP xiaohashu-oss 172.20.10.3:8081 register finished
2025-04-14 07:47:52.694 [main] INFO  c.q.xiaohashu.oss.biz.XiaohashuOssBizApplication - Started XiaohashuOssBizApplication in 5.387 seconds (process running for 6.261)
2025-04-14 08:10:50.972 [Thread-10] WARN  c.alibaba.nacos.common.http.HttpClientBeanHolder - [HttpClientBeanHolder] Start destroying common HttpClient
2025-04-14 08:10:50.973 [Thread-7] WARN  com.alibaba.nacos.common.notify.NotifyCenter - [NotifyCenter] Start destroying Publisher
2025-04-14 08:10:50.973 [Thread-7] WARN  com.alibaba.nacos.common.notify.NotifyCenter - [NotifyCenter] Destruction of the end
2025-04-14 08:10:50.974 [Thread-10] WARN  c.alibaba.nacos.common.http.HttpClientBeanHolder - [HttpClientBeanHolder] Destruction of the end
2025-04-14 08:10:51.008 [SpringApplicationShutdownHook] INFO  c.a.cloud.nacos.registry.NacosServiceRegistry - De-registering from Nacos Server now...
2025-04-14 08:10:51.009 [SpringApplicationShutdownHook] INFO  com.alibaba.nacos.client.naming - [DEREGISTER-SERVICE] xiaohashu deregistering service xiaohashu-oss with instance: Instance{instanceId='null', ip='172.20.10.3', port=8081, weight=1.0, healthy=true, enabled=true, ephemeral=true, clusterName='DEFAULT', serviceName='null', metadata={}}
2025-04-14 08:10:51.012 [SpringApplicationShutdownHook] INFO  c.a.cloud.nacos.registry.NacosServiceRegistry - De-registration finished.
2025-04-14 08:10:51.013 [SpringApplicationShutdownHook] INFO  com.alibaba.nacos.client.naming - com.alibaba.nacos.client.naming.cache.ServiceInfoHolder do shutdown begin
2025-04-14 08:10:51.013 [SpringApplicationShutdownHook] INFO  com.alibaba.nacos.client.naming - com.alibaba.nacos.client.naming.backups.FailoverReactor do shutdown begin
2025-04-14 08:10:51.013 [SpringApplicationShutdownHook] INFO  com.alibaba.nacos.client.naming - com.alibaba.nacos.client.naming.backups.FailoverReactor do shutdown stop
2025-04-14 08:10:51.013 [SpringApplicationShutdownHook] INFO  com.alibaba.nacos.client.naming - com.alibaba.nacos.client.naming.cache.ServiceInfoHolder do shutdown stop
2025-04-14 08:10:51.014 [SpringApplicationShutdownHook] INFO  com.alibaba.nacos.client.naming - com.alibaba.nacos.client.naming.remote.NamingClientProxyDelegate do shutdown begin
2025-04-14 08:10:51.014 [SpringApplicationShutdownHook] INFO  com.alibaba.nacos.client.naming - com.alibaba.nacos.client.naming.core.ServiceInfoUpdateService do shutdown begin
2025-04-14 08:10:51.014 [SpringApplicationShutdownHook] INFO  com.alibaba.nacos.client.naming - com.alibaba.nacos.client.naming.core.ServiceInfoUpdateService do shutdown stop
2025-04-14 08:10:51.014 [SpringApplicationShutdownHook] INFO  com.alibaba.nacos.client.naming - com.alibaba.nacos.client.naming.core.ServerListManager do shutdown begin
2025-04-14 08:10:51.014 [SpringApplicationShutdownHook] WARN  com.alibaba.nacos.client.naming - [NamingHttpClientManager] Start destroying NacosRestTemplate
2025-04-14 08:10:51.014 [SpringApplicationShutdownHook] WARN  com.alibaba.nacos.client.naming - [NamingHttpClientManager] Destruction of the end
2025-04-14 08:10:51.014 [SpringApplicationShutdownHook] INFO  com.alibaba.nacos.client.naming - com.alibaba.nacos.client.naming.core.ServerListManager do shutdown stop
2025-04-14 08:10:51.014 [SpringApplicationShutdownHook] INFO  com.alibaba.nacos.client.naming - com.alibaba.nacos.client.naming.remote.http.NamingHttpClientProxy do shutdown begin
2025-04-14 08:10:51.014 [SpringApplicationShutdownHook] WARN  com.alibaba.nacos.client.naming - [NamingHttpClientManager] Start destroying NacosRestTemplate
2025-04-14 08:10:51.014 [SpringApplicationShutdownHook] WARN  com.alibaba.nacos.client.naming - [NamingHttpClientManager] Destruction of the end
2025-04-14 08:10:51.014 [SpringApplicationShutdownHook] INFO  com.alibaba.nacos.client.naming - com.alibaba.nacos.client.naming.remote.http.NamingHttpClientProxy do shutdown stop
2025-04-14 08:10:51.014 [SpringApplicationShutdownHook] INFO  com.alibaba.nacos.common.remote.client - Shutdown rpc client, set status to shutdown
2025-04-14 08:10:51.014 [SpringApplicationShutdownHook] INFO  com.alibaba.nacos.common.remote.client - Shutdown client event executor java.util.concurrent.ScheduledThreadPoolExecutor@46c86a69[Running, pool size = 2, active threads = 2, queued tasks = 0, completed tasks = 0]
2025-04-14 08:10:51.014 [SpringApplicationShutdownHook] INFO  com.alibaba.nacos.common.remote.client - Close current connection 1744588072322_127.0.0.1_56228
2025-04-14 08:10:51.017 [nacos-grpc-client-executor-127.0.0.1-306] INFO  c.a.nacos.common.remote.client.grpc.GrpcClient - [1744588072322_127.0.0.1_56228]Ignore complete event,isRunning:false,isAbandon=false
2025-04-14 08:10:51.020 [SpringApplicationShutdownHook] INFO  c.a.nacos.common.remote.client.grpc.GrpcClient - Shutdown grpc executor java.util.concurrent.ThreadPoolExecutor@3bc0742c[Running, pool size = 4, active threads = 0, queued tasks = 0, completed tasks = 307]
2025-04-14 08:10:51.020 [SpringApplicationShutdownHook] INFO  com.alibaba.nacos.client.naming - Shutdown grpc redo service executor java.util.concurrent.ScheduledThreadPoolExecutor@8bfeb82[Running, pool size = 1, active threads = 0, queued tasks = 1, completed tasks = 458]
2025-04-14 08:10:51.021 [SpringApplicationShutdownHook] INFO  c.a.n.client.auth.ram.identify.CredentialWatcher - [null] CredentialWatcher is stopped
2025-04-14 08:10:51.021 [SpringApplicationShutdownHook] INFO  c.a.n.client.auth.ram.identify.CredentialService - [null] CredentialService is freed
2025-04-14 08:10:51.022 [SpringApplicationShutdownHook] INFO  com.alibaba.nacos.client.naming - com.alibaba.nacos.client.naming.remote.NamingClientProxyDelegate do shutdown stop
2025-04-14 08:12:51.487 [main] WARN  com.alibaba.nacos.client.logging.NacosLogging - Load Logback Configuration of Nacos fail, message: Could not initialize Logback Nacos logging from classpath:nacos-logback.xml
2025-04-14 08:12:51.602 [main] WARN  com.alibaba.nacos.client.logging.NacosLogging - Load Logback Configuration of Nacos fail, message: Could not initialize Logback Nacos logging from classpath:nacos-logback.xml
2025-04-14 08:12:53.558 [main] WARN  com.alibaba.nacos.client.logging.NacosLogging - Load Logback Configuration of Nacos fail, message: Could not initialize Logback Nacos logging from classpath:nacos-logback.xml
2025-04-14 08:12:53.584 [main] WARN  com.alibaba.nacos.client.logging.NacosLogging - Load Logback Configuration of Nacos fail, message: Could not initialize Logback Nacos logging from classpath:nacos-logback.xml
2025-04-14 08:12:53.585 [main] INFO  c.q.xiaohashu.oss.biz.XiaohashuOssBizApplication - The following 1 profile is active: "dev"
2025-04-14 08:12:54.476 [main] INFO  o.springframework.cloud.context.scope.GenericScope - BeanFactory id=3e794a2b-1f48-331b-8aa2-d3fd24ec81b1
2025-04-14 08:12:54.967 [main] INFO  o.s.boot.web.embedded.tomcat.TomcatWebServer - Tomcat initialized with port(s): 8081 (http)
2025-04-14 08:12:54.980 [main] INFO  org.apache.catalina.core.StandardService - Starting service [Tomcat]
2025-04-14 08:12:54.980 [main] INFO  org.apache.catalina.core.StandardEngine - Starting Servlet engine: [Apache Tomcat/10.1.5]
2025-04-14 08:12:55.093 [main] INFO  o.a.c.core.ContainerBase.[Tomcat].[localhost].[/] - Initializing Spring embedded WebApplicationContext
2025-04-14 08:12:55.093 [main] INFO  o.s.b.w.s.c.ServletWebServerApplicationContext - Root WebApplicationContext: initialization completed in 1482 ms
2025-04-14 08:12:57.013 [main] INFO  org.springframework.cloud.commons.util.InetUtils - Cannot determine local hostname
2025-04-14 08:13:09.822 [main] INFO  org.springframework.cloud.commons.util.InetUtils - Cannot determine local hostname
2025-04-14 08:13:09.913 [main] INFO  o.s.boot.web.embedded.tomcat.TomcatWebServer - Tomcat started on port(s): 8081 (http) with context path ''
2025-04-14 08:13:09.924 [main] WARN  com.alibaba.nacos.client.logging.NacosLogging - Load Logback Configuration of Nacos fail, message: Could not initialize Logback Nacos logging from classpath:nacos-logback.xml
2025-04-14 08:13:09.924 [main] INFO  com.alibaba.nacos.client.naming - initializer namespace from ans.namespace attribute : null
2025-04-14 08:13:09.925 [main] INFO  com.alibaba.nacos.client.naming - initializer namespace from ALIBABA_ALIWARE_NAMESPACE attribute :null
2025-04-14 08:13:09.925 [main] INFO  com.alibaba.nacos.client.naming - initializer namespace from namespace attribute :null
2025-04-14 08:13:09.955 [main] INFO  com.alibaba.nacos.client.utils.ParamUtil - [settings] [req-serv] nacos-server port:8848
2025-04-14 08:13:09.955 [main] INFO  com.alibaba.nacos.client.utils.ParamUtil - [settings] [http-client] connect timeout:1000
2025-04-14 08:13:09.956 [main] INFO  com.alibaba.nacos.client.utils.ParamUtil - PER_TASK_CONFIG_SIZE: 3000.0
2025-04-14 08:13:09.960 [main] INFO  c.a.n.p.auth.spi.client.ClientAuthPluginManager - [ClientAuthPluginManager] Load ClientAuthService com.alibaba.nacos.client.auth.impl.NacosClientAuthServiceImpl success.
2025-04-14 08:13:09.961 [main] INFO  c.a.n.p.auth.spi.client.ClientAuthPluginManager - [ClientAuthPluginManager] Load ClientAuthService com.alibaba.nacos.client.auth.ram.RamClientAuthServiceImpl success.
2025-04-14 08:13:09.964 [main] INFO  c.a.n.client.auth.ram.identify.CredentialWatcher - null No credential found
2025-04-14 08:13:09.983 [main] INFO  com.alibaba.nacos.common.remote.client - [RpcClientFactory] create a new rpc client of cb77b5fe-6d81-437f-918a-8a48aae58692
2025-04-14 08:13:10.022 [main] INFO  com.alibaba.nacos.common.remote.client - [cb77b5fe-6d81-437f-918a-8a48aae58692] RpcClient init, ServerListFactory = com.alibaba.nacos.client.naming.core.ServerListManager
2025-04-14 08:13:10.022 [main] INFO  com.alibaba.nacos.common.remote.client - [cb77b5fe-6d81-437f-918a-8a48aae58692] Registry connection listener to current client:com.alibaba.nacos.client.naming.remote.gprc.redo.NamingGrpcRedoService
2025-04-14 08:13:10.023 [main] INFO  com.alibaba.nacos.common.remote.client - [cb77b5fe-6d81-437f-918a-8a48aae58692] Register server push request handler:com.alibaba.nacos.client.naming.remote.gprc.NamingPushRequestHandler
2025-04-14 08:13:10.027 [main] INFO  com.alibaba.nacos.common.remote.client - [cb77b5fe-6d81-437f-918a-8a48aae58692] Try to connect to server on start up, server: {serverIp = '127.0.0.1', server main port = 8848}
2025-04-14 08:13:10.085 [main] INFO  c.a.nacos.common.remote.client.grpc.GrpcClient - grpc client connection server:127.0.0.1 ip,serverPort:9848,grpcTslConfig:{"sslProvider":"OPENSSL","enableTls":false,"mutualAuthEnable":false,"trustAll":false}
2025-04-14 08:13:11.038 [main] INFO  com.alibaba.nacos.common.remote.client - [cb77b5fe-6d81-437f-918a-8a48aae58692] Success to connect to server [127.0.0.1:8848] on start up, connectionId = 1744589590827_127.0.0.1_64486
2025-04-14 08:13:11.039 [com.alibaba.nacos.client.remote.worker] INFO  com.alibaba.nacos.common.remote.client - [cb77b5fe-6d81-437f-918a-8a48aae58692] Notify connected event to listeners.
2025-04-14 08:13:11.039 [com.alibaba.nacos.client.remote.worker] INFO  com.alibaba.nacos.client.naming - Grpc connection connect
2025-04-14 08:13:11.039 [main] INFO  com.alibaba.nacos.common.remote.client - [cb77b5fe-6d81-437f-918a-8a48aae58692] Register server push request handler:com.alibaba.nacos.common.remote.client.RpcClient$ConnectResetRequestHandler
2025-04-14 08:13:11.039 [main] INFO  com.alibaba.nacos.common.remote.client - [cb77b5fe-6d81-437f-918a-8a48aae58692] Register server push request handler:com.alibaba.nacos.common.remote.client.RpcClient$$Lambda$938/0x000000080130a510
2025-04-14 08:13:11.041 [main] INFO  com.alibaba.nacos.client.naming - [REGISTER-SERVICE] xiaohashu registering service xiaohashu-oss with instance Instance{instanceId='null', ip='172.20.10.3', port=8081, weight=1.0, healthy=true, enabled=true, ephemeral=true, clusterName='DEFAULT', serviceName='null', metadata={IPv6=[240e:440:250a:5de:7dab:31d7:b0fa:2cf7], preserved.register.source=SPRING_CLOUD}}
2025-04-14 08:13:11.056 [main] INFO  c.a.cloud.nacos.registry.NacosServiceRegistry - nacos registry, DEFAULT_GROUP xiaohashu-oss 172.20.10.3:8081 register finished
2025-04-14 08:13:12.198 [main] INFO  org.springframework.cloud.commons.util.InetUtils - Cannot determine local hostname
2025-04-14 08:13:12.215 [main] INFO  c.q.xiaohashu.oss.biz.XiaohashuOssBizApplication - Started XiaohashuOssBizApplication in 22.837 seconds (process running for 23.757)
2025-04-14 08:15:32.504 [http-nio-8081-exec-2] INFO  o.a.c.core.ContainerBase.[Tomcat].[localhost].[/] - Initializing Spring DispatcherServlet 'dispatcherServlet'
2025-04-14 08:15:32.504 [http-nio-8081-exec-2] INFO  org.springframework.web.servlet.DispatcherServlet - Initializing Servlet 'dispatcherServlet'
2025-04-14 08:15:32.506 [http-nio-8081-exec-2] INFO  org.springframework.web.servlet.DispatcherServlet - Completed initialization in 1 ms
2025-04-14 08:15:32.577 [http-nio-8081-exec-2] INFO  c.q.x.oss.biz.strategy.impl.MinioFileStrategy - ## 上传文件至 Minio ...
2025-04-14 08:15:32.578 [http-nio-8081-exec-2] INFO  c.q.x.oss.biz.strategy.impl.MinioFileStrategy - ==> 开始上传文件至 Minio, ObjectName: b8ae3d7814bc4aa2ae1ced9a5704eee7.jpg
2025-04-14 08:15:33.240 [http-nio-8081-exec-2] INFO  c.q.x.oss.biz.strategy.impl.MinioFileStrategy - ==> 上传文件至 Minio 成功，访问路径: http://127.0.0.1:9000/xiaohashu/b8ae3d7814bc4aa2ae1ced9a5704eee7.jpg
2025-04-14 08:15:33.300 [http-nio-8081-exec-1] INFO  c.q.x.oss.biz.strategy.impl.MinioFileStrategy - ## 上传文件至 Minio ...
2025-04-14 08:15:33.300 [http-nio-8081-exec-1] INFO  c.q.x.oss.biz.strategy.impl.MinioFileStrategy - ==> 开始上传文件至 Minio, ObjectName: b32dbb011e6a4cdc856c009c3c7c042f.jpg
2025-04-14 08:15:33.334 [http-nio-8081-exec-1] INFO  c.q.x.oss.biz.strategy.impl.MinioFileStrategy - ==> 上传文件至 Minio 成功，访问路径: http://127.0.0.1:9000/xiaohashu/b32dbb011e6a4cdc856c009c3c7c042f.jpg
2025-04-14 08:15:50.581 [http-nio-8081-exec-4] INFO  c.q.x.oss.biz.strategy.impl.MinioFileStrategy - ## 上传文件至 Minio ...
2025-04-14 08:15:50.582 [http-nio-8081-exec-4] INFO  c.q.x.oss.biz.strategy.impl.MinioFileStrategy - ==> 开始上传文件至 Minio, ObjectName: 83eb4f96bb454ea9a7725ae1a53576c2.png
2025-04-14 08:15:50.615 [http-nio-8081-exec-4] INFO  c.q.x.oss.biz.strategy.impl.MinioFileStrategy - ==> 上传文件至 Minio 成功，访问路径: http://127.0.0.1:9000/xiaohashu/83eb4f96bb454ea9a7725ae1a53576c2.png
