2025-04-14 13:37:51.765 [main] WARN  com.alibaba.nacos.client.logging.NacosLogging - Load Logback Configuration of Nacos fail, message: Could not initialize Logback Nacos logging from classpath:nacos-logback.xml
2025-04-14 13:37:51.917 [main] WARN  com.alibaba.nacos.client.logging.NacosLogging - Load Logback Configuration of Nacos fail, message: Could not initialize Logback Nacos logging from classpath:nacos-logback.xml
2025-04-14 13:37:54.058 [main] WARN  com.alibaba.nacos.client.logging.NacosLogging - Load Logback Configuration of Nacos fail, message: Could not initialize Logback Nacos logging from classpath:nacos-logback.xml
2025-04-14 13:37:54.117 [main] WARN  com.alibaba.nacos.client.logging.NacosLogging - Load Logback Configuration of Nacos fail, message: Could not initialize Logback Nacos logging from classpath:nacos-logback.xml
2025-04-14 13:37:54.119 [main] INFO  com.quanxiaoha.xiaohashu.kv.biz.CassandraTests - The following 1 profile is active: "dev"
2025-04-14 13:37:55.262 [main] INFO  o.s.d.r.config.RepositoryConfigurationDelegate - Bootstrapping Spring Data Reactive Cassandra repositories in DEFAULT mode.
2025-04-14 13:37:55.299 [main] INFO  o.s.d.r.config.RepositoryConfigurationDelegate - Finished Spring Data repository scanning in 30 ms. Found 0 Reactive Cassandra repository interfaces.
2025-04-14 13:37:55.304 [main] INFO  o.s.d.r.config.RepositoryConfigurationDelegate - Bootstrapping Spring Data Cassandra repositories in DEFAULT mode.
2025-04-14 13:37:55.341 [main] INFO  o.s.d.r.config.RepositoryConfigurationDelegate - Finished Spring Data repository scanning in 36 ms. Found 1 Cassandra repository interfaces.
2025-04-14 13:37:55.650 [main] INFO  o.springframework.cloud.context.scope.GenericScope - BeanFactory id=993e9574-2838-3de3-ab04-df54f60eedf9
2025-04-14 13:37:56.397 [main] INFO  c.d.o.driver.internal.core.DefaultMavenCoordinates - DataStax Java driver for Apache Cassandra(R) (com.datastax.oss:java-driver-core) version 4.15.0
2025-04-14 13:37:57.556 [s0-admin-0] INFO  com.datastax.oss.driver.internal.core.time.Clock - Using native clock for microsecond precision
2025-04-14 13:37:58.290 [s1-admin-0] INFO  com.datastax.oss.driver.internal.core.time.Clock - Using native clock for microsecond precision
2025-04-14 13:38:00.448 [main] INFO  org.springframework.cloud.commons.util.InetUtils - Cannot determine local hostname
2025-04-14 13:38:13.905 [main] INFO  org.springframework.cloud.commons.util.InetUtils - Cannot determine local hostname
2025-04-14 13:38:14.008 [main] INFO  com.quanxiaoha.xiaohashu.kv.biz.CassandraTests - Started CassandraTests in 24.319 seconds (process running for 26.937)
2025-04-14 13:41:59.646 [main] WARN  com.alibaba.nacos.client.logging.NacosLogging - Load Logback Configuration of Nacos fail, message: Could not initialize Logback Nacos logging from classpath:nacos-logback.xml
2025-04-14 13:41:59.779 [main] WARN  com.alibaba.nacos.client.logging.NacosLogging - Load Logback Configuration of Nacos fail, message: Could not initialize Logback Nacos logging from classpath:nacos-logback.xml
2025-04-14 13:42:01.703 [main] WARN  com.alibaba.nacos.client.logging.NacosLogging - Load Logback Configuration of Nacos fail, message: Could not initialize Logback Nacos logging from classpath:nacos-logback.xml
2025-04-14 13:42:01.738 [main] WARN  com.alibaba.nacos.client.logging.NacosLogging - Load Logback Configuration of Nacos fail, message: Could not initialize Logback Nacos logging from classpath:nacos-logback.xml
2025-04-14 13:42:01.739 [main] INFO  com.quanxiaoha.xiaohashu.kv.biz.CassandraTests - The following 1 profile is active: "dev"
2025-04-14 13:42:02.773 [main] INFO  o.s.d.r.config.RepositoryConfigurationDelegate - Bootstrapping Spring Data Reactive Cassandra repositories in DEFAULT mode.
2025-04-14 13:42:02.824 [main] INFO  o.s.d.r.config.RepositoryConfigurationDelegate - Finished Spring Data repository scanning in 38 ms. Found 0 Reactive Cassandra repository interfaces.
2025-04-14 13:42:02.829 [main] INFO  o.s.d.r.config.RepositoryConfigurationDelegate - Bootstrapping Spring Data Cassandra repositories in DEFAULT mode.
2025-04-14 13:42:02.845 [main] INFO  o.s.d.r.config.RepositoryConfigurationDelegate - Finished Spring Data repository scanning in 16 ms. Found 1 Cassandra repository interfaces.
2025-04-14 13:42:03.104 [main] INFO  o.springframework.cloud.context.scope.GenericScope - BeanFactory id=993e9574-2838-3de3-ab04-df54f60eedf9
2025-04-14 13:42:03.927 [main] INFO  c.d.o.driver.internal.core.DefaultMavenCoordinates - DataStax Java driver for Apache Cassandra(R) (com.datastax.oss:java-driver-core) version 4.15.0
2025-04-14 13:42:05.006 [s0-admin-0] INFO  com.datastax.oss.driver.internal.core.time.Clock - Using native clock for microsecond precision
2025-04-14 13:42:05.564 [s1-admin-0] INFO  com.datastax.oss.driver.internal.core.time.Clock - Using native clock for microsecond precision
2025-04-14 13:42:07.892 [main] INFO  org.springframework.cloud.commons.util.InetUtils - Cannot determine local hostname
2025-04-14 13:42:21.279 [main] INFO  org.springframework.cloud.commons.util.InetUtils - Cannot determine local hostname
2025-04-14 13:42:21.365 [main] INFO  com.quanxiaoha.xiaohashu.kv.biz.CassandraTests - Started CassandraTests in 23.974 seconds (process running for 26.22)
2025-04-14 13:43:53.623 [main] WARN  com.alibaba.nacos.client.logging.NacosLogging - Load Logback Configuration of Nacos fail, message: Could not initialize Logback Nacos logging from classpath:nacos-logback.xml
2025-04-14 13:43:53.716 [main] WARN  com.alibaba.nacos.client.logging.NacosLogging - Load Logback Configuration of Nacos fail, message: Could not initialize Logback Nacos logging from classpath:nacos-logback.xml
2025-04-14 13:43:55.730 [main] WARN  com.alibaba.nacos.client.logging.NacosLogging - Load Logback Configuration of Nacos fail, message: Could not initialize Logback Nacos logging from classpath:nacos-logback.xml
2025-04-14 13:43:55.764 [main] WARN  com.alibaba.nacos.client.logging.NacosLogging - Load Logback Configuration of Nacos fail, message: Could not initialize Logback Nacos logging from classpath:nacos-logback.xml
2025-04-14 13:43:55.765 [main] INFO  com.quanxiaoha.xiaohashu.kv.biz.CassandraTests - The following 1 profile is active: "dev"
2025-04-14 13:43:56.437 [main] INFO  o.s.d.r.config.RepositoryConfigurationDelegate - Bootstrapping Spring Data Reactive Cassandra repositories in DEFAULT mode.
2025-04-14 13:43:56.485 [main] INFO  o.s.d.r.config.RepositoryConfigurationDelegate - Finished Spring Data repository scanning in 41 ms. Found 0 Reactive Cassandra repository interfaces.
2025-04-14 13:43:56.491 [main] INFO  o.s.d.r.config.RepositoryConfigurationDelegate - Bootstrapping Spring Data Cassandra repositories in DEFAULT mode.
2025-04-14 13:43:56.519 [main] INFO  o.s.d.r.config.RepositoryConfigurationDelegate - Finished Spring Data repository scanning in 26 ms. Found 1 Cassandra repository interfaces.
2025-04-14 13:43:56.747 [main] INFO  o.springframework.cloud.context.scope.GenericScope - BeanFactory id=993e9574-2838-3de3-ab04-df54f60eedf9
2025-04-14 13:43:57.239 [main] INFO  c.d.o.driver.internal.core.DefaultMavenCoordinates - DataStax Java driver for Apache Cassandra(R) (com.datastax.oss:java-driver-core) version 4.15.0
2025-04-14 13:43:57.953 [s0-admin-0] INFO  com.datastax.oss.driver.internal.core.time.Clock - Using native clock for microsecond precision
2025-04-14 13:43:58.407 [s1-admin-0] INFO  com.datastax.oss.driver.internal.core.time.Clock - Using native clock for microsecond precision
2025-04-14 13:44:00.721 [main] INFO  org.springframework.cloud.commons.util.InetUtils - Cannot determine local hostname
2025-04-14 13:44:14.489 [main] INFO  org.springframework.cloud.commons.util.InetUtils - Cannot determine local hostname
2025-04-14 13:44:14.644 [main] INFO  com.quanxiaoha.xiaohashu.kv.biz.CassandraTests - Started CassandraTests in 22.908 seconds (process running for 24.513)
2025-04-14 13:45:44.177 [main] WARN  com.alibaba.nacos.client.logging.NacosLogging - Load Logback Configuration of Nacos fail, message: Could not initialize Logback Nacos logging from classpath:nacos-logback.xml
2025-04-14 13:45:44.268 [main] WARN  com.alibaba.nacos.client.logging.NacosLogging - Load Logback Configuration of Nacos fail, message: Could not initialize Logback Nacos logging from classpath:nacos-logback.xml
2025-04-14 13:45:46.072 [main] WARN  com.alibaba.nacos.client.logging.NacosLogging - Load Logback Configuration of Nacos fail, message: Could not initialize Logback Nacos logging from classpath:nacos-logback.xml
2025-04-14 13:45:46.113 [main] WARN  com.alibaba.nacos.client.logging.NacosLogging - Load Logback Configuration of Nacos fail, message: Could not initialize Logback Nacos logging from classpath:nacos-logback.xml
2025-04-14 13:45:46.115 [main] INFO  com.quanxiaoha.xiaohashu.kv.biz.CassandraTests - The following 1 profile is active: "dev"
2025-04-14 13:45:46.706 [main] INFO  o.s.d.r.config.RepositoryConfigurationDelegate - Bootstrapping Spring Data Reactive Cassandra repositories in DEFAULT mode.
2025-04-14 13:45:46.750 [main] INFO  o.s.d.r.config.RepositoryConfigurationDelegate - Finished Spring Data repository scanning in 35 ms. Found 0 Reactive Cassandra repository interfaces.
2025-04-14 13:45:46.756 [main] INFO  o.s.d.r.config.RepositoryConfigurationDelegate - Bootstrapping Spring Data Cassandra repositories in DEFAULT mode.
2025-04-14 13:45:46.782 [main] INFO  o.s.d.r.config.RepositoryConfigurationDelegate - Finished Spring Data repository scanning in 25 ms. Found 1 Cassandra repository interfaces.
2025-04-14 13:45:47.104 [main] INFO  o.springframework.cloud.context.scope.GenericScope - BeanFactory id=993e9574-2838-3de3-ab04-df54f60eedf9
2025-04-14 13:45:47.632 [main] INFO  c.d.o.driver.internal.core.DefaultMavenCoordinates - DataStax Java driver for Apache Cassandra(R) (com.datastax.oss:java-driver-core) version 4.15.0
2025-04-14 13:45:48.388 [s0-admin-0] INFO  com.datastax.oss.driver.internal.core.time.Clock - Using native clock for microsecond precision
2025-04-14 13:45:48.911 [s1-admin-0] INFO  com.datastax.oss.driver.internal.core.time.Clock - Using native clock for microsecond precision
2025-04-14 13:45:51.122 [main] INFO  org.springframework.cloud.commons.util.InetUtils - Cannot determine local hostname
2025-04-14 13:46:04.759 [main] INFO  org.springframework.cloud.commons.util.InetUtils - Cannot determine local hostname
2025-04-14 13:46:04.889 [main] INFO  com.quanxiaoha.xiaohashu.kv.biz.CassandraTests - Started CassandraTests in 22.524 seconds (process running for 23.998)
2025-04-14 13:46:06.385 [main] WARN  com.alibaba.nacos.client.logging.NacosLogging - Load Logback Configuration of Nacos fail, message: Could not initialize Logback Nacos logging from classpath:nacos-logback.xml
2025-04-14 13:46:06.488 [main] WARN  com.alibaba.nacos.client.logging.NacosLogging - Load Logback Configuration of Nacos fail, message: Could not initialize Logback Nacos logging from classpath:nacos-logback.xml
2025-04-14 13:46:08.342 [main] WARN  com.alibaba.nacos.client.logging.NacosLogging - Load Logback Configuration of Nacos fail, message: Could not initialize Logback Nacos logging from classpath:nacos-logback.xml
2025-04-14 13:46:08.374 [main] WARN  com.alibaba.nacos.client.logging.NacosLogging - Load Logback Configuration of Nacos fail, message: Could not initialize Logback Nacos logging from classpath:nacos-logback.xml
2025-04-14 13:46:08.376 [main] INFO  com.quanxiaoha.xiaohashu.kv.biz.CassandraTests - The following 1 profile is active: "dev"
2025-04-14 13:46:09.037 [main] INFO  o.s.d.r.config.RepositoryConfigurationDelegate - Bootstrapping Spring Data Reactive Cassandra repositories in DEFAULT mode.
2025-04-14 13:46:09.086 [main] INFO  o.s.d.r.config.RepositoryConfigurationDelegate - Finished Spring Data repository scanning in 41 ms. Found 0 Reactive Cassandra repository interfaces.
2025-04-14 13:46:09.091 [main] INFO  o.s.d.r.config.RepositoryConfigurationDelegate - Bootstrapping Spring Data Cassandra repositories in DEFAULT mode.
2025-04-14 13:46:09.111 [main] INFO  o.s.d.r.config.RepositoryConfigurationDelegate - Finished Spring Data repository scanning in 20 ms. Found 1 Cassandra repository interfaces.
2025-04-14 13:46:09.409 [main] INFO  o.springframework.cloud.context.scope.GenericScope - BeanFactory id=993e9574-2838-3de3-ab04-df54f60eedf9
2025-04-14 13:46:09.932 [main] INFO  c.d.o.driver.internal.core.DefaultMavenCoordinates - DataStax Java driver for Apache Cassandra(R) (com.datastax.oss:java-driver-core) version 4.15.0
2025-04-14 13:46:10.761 [s0-admin-0] INFO  com.datastax.oss.driver.internal.core.time.Clock - Using native clock for microsecond precision
2025-04-14 13:46:11.597 [s1-admin-0] INFO  com.datastax.oss.driver.internal.core.time.Clock - Using native clock for microsecond precision
2025-04-14 13:46:13.794 [main] INFO  org.springframework.cloud.commons.util.InetUtils - Cannot determine local hostname
2025-04-14 13:46:27.303 [main] INFO  org.springframework.cloud.commons.util.InetUtils - Cannot determine local hostname
2025-04-14 13:46:27.332 [main] INFO  com.quanxiaoha.xiaohashu.kv.biz.CassandraTests - Started CassandraTests in 22.953 seconds (process running for 24.768)
2025-04-14 13:46:28.328 [main] INFO  com.quanxiaoha.xiaohashu.kv.biz.CassandraTests - 查询结果：{"id":"538658c8-f11f-4f81-a04c-f147c9a66110","content":"代码测试笔记内容更新"}
2025-04-14 13:46:45.324 [main] WARN  com.alibaba.nacos.client.logging.NacosLogging - Load Logback Configuration of Nacos fail, message: Could not initialize Logback Nacos logging from classpath:nacos-logback.xml
2025-04-14 13:46:45.449 [main] WARN  com.alibaba.nacos.client.logging.NacosLogging - Load Logback Configuration of Nacos fail, message: Could not initialize Logback Nacos logging from classpath:nacos-logback.xml
2025-04-14 13:46:47.492 [main] WARN  com.alibaba.nacos.client.logging.NacosLogging - Load Logback Configuration of Nacos fail, message: Could not initialize Logback Nacos logging from classpath:nacos-logback.xml
2025-04-14 13:46:47.527 [main] WARN  com.alibaba.nacos.client.logging.NacosLogging - Load Logback Configuration of Nacos fail, message: Could not initialize Logback Nacos logging from classpath:nacos-logback.xml
2025-04-14 13:46:47.529 [main] INFO  com.quanxiaoha.xiaohashu.kv.biz.CassandraTests - The following 1 profile is active: "dev"
2025-04-14 13:46:48.493 [main] INFO  o.s.d.r.config.RepositoryConfigurationDelegate - Bootstrapping Spring Data Reactive Cassandra repositories in DEFAULT mode.
2025-04-14 13:46:48.544 [main] INFO  o.s.d.r.config.RepositoryConfigurationDelegate - Finished Spring Data repository scanning in 38 ms. Found 0 Reactive Cassandra repository interfaces.
2025-04-14 13:46:48.554 [main] INFO  o.s.d.r.config.RepositoryConfigurationDelegate - Bootstrapping Spring Data Cassandra repositories in DEFAULT mode.
2025-04-14 13:46:48.585 [main] INFO  o.s.d.r.config.RepositoryConfigurationDelegate - Finished Spring Data repository scanning in 30 ms. Found 1 Cassandra repository interfaces.
2025-04-14 13:46:48.955 [main] INFO  o.springframework.cloud.context.scope.GenericScope - BeanFactory id=993e9574-2838-3de3-ab04-df54f60eedf9
2025-04-14 13:46:49.561 [main] INFO  c.d.o.driver.internal.core.DefaultMavenCoordinates - DataStax Java driver for Apache Cassandra(R) (com.datastax.oss:java-driver-core) version 4.15.0
2025-04-14 13:46:50.326 [s0-admin-0] INFO  com.datastax.oss.driver.internal.core.time.Clock - Using native clock for microsecond precision
2025-04-14 13:46:50.818 [s1-admin-0] INFO  com.datastax.oss.driver.internal.core.time.Clock - Using native clock for microsecond precision
2025-04-14 13:46:53.379 [main] INFO  org.springframework.cloud.commons.util.InetUtils - Cannot determine local hostname
2025-04-14 13:46:55.653 [main] INFO  org.springframework.cloud.commons.util.InetUtils - Cannot determine local hostname
2025-04-14 13:46:55.699 [main] INFO  com.quanxiaoha.xiaohashu.kv.biz.CassandraTests - Started CassandraTests in 12.429 seconds (process running for 14.129)
